<?xml version="1.0" encoding="utf-8"?>
<CoverageSession>
  <Summary numSequencePoints="670" visitedSequencePoints="658" numBranchPoints="670" visitedBranchPoints="658" sequenceCoverage="0,982" branchCoverage="0,982" maxCyclomaticComplexity="0" minCyclomaticComplexity="0" visitedClasses="16" numClasses="17" visitedMethods="159" numMethods="159" />
  <Modules>
    <Module hash="40CEDF37-3771-48E6-8CBD-0F2BA15720F7">
      <ModulePath>/mnt/disk/personal/Projects/GitHub/ArgValidation/ArgValidation.Tests/bin/Debug/netcoreapp2.1/ArgValidation.dll</ModulePath>
      <ModuleTime>2018-10-28T07:34:35</ModuleTime>
      <ModuleName>ArgValidation</ModuleName>
      <Files>
        <File uid="1" fullPath="/mnt/disk/personal/Projects/GitHub/ArgValidation/ArgValidation/Arg.cs" />
        <File uid="2" fullPath="/mnt/disk/personal/Projects/GitHub/ArgValidation/ArgValidation/Argument.cs" />
        <File uid="3" fullPath="/mnt/disk/personal/Projects/GitHub/ArgValidation/ArgValidation/ArgumentComparableExtension.cs" />
        <File uid="4" fullPath="/mnt/disk/personal/Projects/GitHub/ArgValidation/ArgValidation/ArgumentDigitExtension.cs" />
        <File uid="5" fullPath="/mnt/disk/personal/Projects/GitHub/ArgValidation/ArgValidation/ArgumentEnumerableExtension.cs" />
        <File uid="6" fullPath="/mnt/disk/personal/Projects/GitHub/ArgValidation/ArgValidation/ArgumentExtension.cs" />
        <File uid="7" fullPath="/mnt/disk/personal/Projects/GitHub/ArgValidation/ArgValidation/ArgumentStringExtension.cs" />
        <File uid="8" fullPath="/mnt/disk/personal/Projects/GitHub/ArgValidation/ArgValidation/Internal/ArgumentFactory.cs" />
        <File uid="9" fullPath="/mnt/disk/personal/Projects/GitHub/ArgValidation/ArgValidation/Internal/ConditionChecker.cs" />
        <File uid="10" fullPath="/mnt/disk/personal/Projects/GitHub/ArgValidation/ArgValidation/Internal/ExceptionMessageHelper.cs" />
        <File uid="11" fullPath="/mnt/disk/personal/Projects/GitHub/ArgValidation/ArgValidation/Internal/IEnumerableExtension.cs" />
        <File uid="12" fullPath="/mnt/disk/personal/Projects/GitHub/ArgValidation/ArgValidation/Internal/ObjectExtension.cs" />
        <File uid="13" fullPath="/mnt/disk/personal/Projects/GitHub/ArgValidation/ArgValidation/Internal/Reflection/ConstructorParameter.cs" />
        <File uid="14" fullPath="/mnt/disk/personal/Projects/GitHub/ArgValidation/ArgValidation/Internal/Reflection/ReflectionObjectCreator.cs" />
        <File uid="15" fullPath="/mnt/disk/personal/Projects/GitHub/ArgValidation/ArgValidation/Internal/ExceptionThrowers/InvalidMethodArgumentThrower.cs" />
        <File uid="16" fullPath="/mnt/disk/personal/Projects/GitHub/ArgValidation/ArgValidation/Internal/ExceptionThrowers/ValidationErrorExceptionThrower.cs" />
      </Files>
      <Classes>
        <Class>
          <Summary numSequencePoints="198" visitedSequencePoints="198" numBranchPoints="0" visitedBranchPoints="0" sequenceCoverage="1" branchCoverage="0" maxCyclomaticComplexity="0" minCyclomaticComplexity="0" visitedClasses="1" numClasses="1" visitedMethods="66" numMethods="66" />
          <FullName>ArgValidation.Arg</FullName>
          <Methods>
            <Method cyclomaticComplexity="0" nPathComplexity="0" sequenceCoverage="1" branchCoverage="0" isConstructor="False" isGetter="False" isSetter="False" isStatic="True">
              <Summary numSequencePoints="3" visitedSequencePoints="3" numBranchPoints="0" visitedBranchPoints="0" sequenceCoverage="1" branchCoverage="0" maxCyclomaticComplexity="0" minCyclomaticComplexity="0" visitedClasses="0" numClasses="0" visitedMethods="1" numMethods="1" />
              <MetadataToken />
              <Name>ArgValidation.Argument`1&lt;T&gt; ArgValidation.Arg::Validate(T,System.String)</Name>
              <FileRef uid="1" />
              <SequencePoints>
                <SequencePoint vc="343" upsid="9" ordinal="0" sl="9" sc="1" el="9" ec="2" bec="0" bev="0" fileid="1" />
                <SequencePoint vc="343" upsid="10" ordinal="1" sl="10" sc="1" el="10" ec="2" bec="0" bev="0" fileid="1" />
                <SequencePoint vc="343" upsid="11" ordinal="2" sl="11" sc="1" el="11" ec="2" bec="0" bev="0" fileid="1" />
              </SequencePoints>
              <BranchPoints />
              <MethodPoint vc="3" upsid="0" p8:type="SequencePoint" ordinal="0" offset="0" sc="0" sl="9" ec="1" el="11" bec="0" bev="0" fileid="1" xmlns:p8="xsi" />
            </Method>
            <Method cyclomaticComplexity="0" nPathComplexity="0" sequenceCoverage="1" branchCoverage="0" isConstructor="False" isGetter="False" isSetter="False" isStatic="True">
              <Summary numSequencePoints="3" visitedSequencePoints="3" numBranchPoints="0" visitedBranchPoints="0" sequenceCoverage="1" branchCoverage="0" maxCyclomaticComplexity="0" minCyclomaticComplexity="0" visitedClasses="0" numClasses="0" visitedMethods="1" numMethods="1" />
              <MetadataToken />
              <Name>ArgValidation.Argument`1&lt;T&gt; ArgValidation.Arg::Validate(System.Linq.Expressions.Expression`1&lt;System.Func`1&lt;T&gt;&gt;)</Name>
              <FileRef uid="1" />
              <SequencePoints>
                <SequencePoint vc="1131" upsid="14" ordinal="0" sl="14" sc="1" el="14" ec="2" bec="0" bev="0" fileid="1" />
                <SequencePoint vc="1131" upsid="15" ordinal="1" sl="15" sc="1" el="15" ec="2" bec="0" bev="0" fileid="1" />
                <SequencePoint vc="1131" upsid="16" ordinal="2" sl="16" sc="1" el="16" ec="2" bec="0" bev="0" fileid="1" />
              </SequencePoints>
              <BranchPoints />
              <MethodPoint vc="3" upsid="0" p8:type="SequencePoint" ordinal="1" offset="1" sc="0" sl="14" ec="1" el="16" bec="0" bev="0" fileid="1" xmlns:p8="xsi" />
            </Method>
            <Method cyclomaticComplexity="0" nPathComplexity="0" sequenceCoverage="1" branchCoverage="0" isConstructor="False" isGetter="False" isSetter="False" isStatic="True">
              <Summary numSequencePoints="3" visitedSequencePoints="3" numBranchPoints="0" visitedBranchPoints="0" sequenceCoverage="1" branchCoverage="0" maxCyclomaticComplexity="0" minCyclomaticComplexity="0" visitedClasses="0" numClasses="0" visitedMethods="1" numMethods="1" />
              <MetadataToken />
              <Name>T ArgValidation.Arg::Default(System.Linq.Expressions.Expression`1&lt;System.Func`1&lt;T&gt;&gt;)</Name>
              <FileRef uid="1" />
              <SequencePoints>
                <SequencePoint vc="4" upsid="23" ordinal="0" sl="23" sc="1" el="23" ec="2" bec="0" bev="0" fileid="1" />
                <SequencePoint vc="4" upsid="24" ordinal="1" sl="24" sc="1" el="24" ec="2" bec="0" bev="0" fileid="1" />
                <SequencePoint vc="2" upsid="25" ordinal="2" sl="25" sc="1" el="25" ec="2" bec="0" bev="0" fileid="1" />
              </SequencePoints>
              <BranchPoints />
              <MethodPoint vc="3" upsid="0" p8:type="SequencePoint" ordinal="2" offset="2" sc="0" sl="23" ec="1" el="25" bec="0" bev="0" fileid="1" xmlns:p8="xsi" />
            </Method>
            <Method cyclomaticComplexity="0" nPathComplexity="0" sequenceCoverage="1" branchCoverage="0" isConstructor="False" isGetter="False" isSetter="False" isStatic="True">
              <Summary numSequencePoints="3" visitedSequencePoints="3" numBranchPoints="0" visitedBranchPoints="0" sequenceCoverage="1" branchCoverage="0" maxCyclomaticComplexity="0" minCyclomaticComplexity="0" visitedClasses="0" numClasses="0" visitedMethods="1" numMethods="1" />
              <MetadataToken />
              <Name>T ArgValidation.Arg::Default(T,System.String)</Name>
              <FileRef uid="1" />
              <SequencePoints>
                <SequencePoint vc="4" upsid="28" ordinal="0" sl="28" sc="1" el="28" ec="2" bec="0" bev="0" fileid="1" />
                <SequencePoint vc="4" upsid="29" ordinal="1" sl="29" sc="1" el="29" ec="2" bec="0" bev="0" fileid="1" />
                <SequencePoint vc="2" upsid="30" ordinal="2" sl="30" sc="1" el="30" ec="2" bec="0" bev="0" fileid="1" />
              </SequencePoints>
              <BranchPoints />
              <MethodPoint vc="3" upsid="0" p8:type="SequencePoint" ordinal="3" offset="3" sc="0" sl="28" ec="1" el="30" bec="0" bev="0" fileid="1" xmlns:p8="xsi" />
            </Method>
            <Method cyclomaticComplexity="0" nPathComplexity="0" sequenceCoverage="1" branchCoverage="0" isConstructor="False" isGetter="False" isSetter="False" isStatic="True">
              <Summary numSequencePoints="3" visitedSequencePoints="3" numBranchPoints="0" visitedBranchPoints="0" sequenceCoverage="1" branchCoverage="0" maxCyclomaticComplexity="0" minCyclomaticComplexity="0" visitedClasses="0" numClasses="0" visitedMethods="1" numMethods="1" />
              <MetadataToken />
              <Name>T ArgValidation.Arg::NotDefault(System.Linq.Expressions.Expression`1&lt;System.Func`1&lt;T&gt;&gt;)</Name>
              <FileRef uid="1" />
              <SequencePoints>
                <SequencePoint vc="4" upsid="34" ordinal="0" sl="34" sc="1" el="34" ec="2" bec="0" bev="0" fileid="1" />
                <SequencePoint vc="4" upsid="35" ordinal="1" sl="35" sc="1" el="35" ec="2" bec="0" bev="0" fileid="1" />
                <SequencePoint vc="2" upsid="36" ordinal="2" sl="36" sc="1" el="36" ec="2" bec="0" bev="0" fileid="1" />
              </SequencePoints>
              <BranchPoints />
              <MethodPoint vc="3" upsid="0" p8:type="SequencePoint" ordinal="4" offset="4" sc="0" sl="34" ec="1" el="36" bec="0" bev="0" fileid="1" xmlns:p8="xsi" />
            </Method>
            <Method cyclomaticComplexity="0" nPathComplexity="0" sequenceCoverage="1" branchCoverage="0" isConstructor="False" isGetter="False" isSetter="False" isStatic="True">
              <Summary numSequencePoints="3" visitedSequencePoints="3" numBranchPoints="0" visitedBranchPoints="0" sequenceCoverage="1" branchCoverage="0" maxCyclomaticComplexity="0" minCyclomaticComplexity="0" visitedClasses="0" numClasses="0" visitedMethods="1" numMethods="1" />
              <MetadataToken />
              <Name>T ArgValidation.Arg::NotDefault(T,System.String)</Name>
              <FileRef uid="1" />
              <SequencePoints>
                <SequencePoint vc="4" upsid="39" ordinal="0" sl="39" sc="1" el="39" ec="2" bec="0" bev="0" fileid="1" />
                <SequencePoint vc="4" upsid="40" ordinal="1" sl="40" sc="1" el="40" ec="2" bec="0" bev="0" fileid="1" />
                <SequencePoint vc="2" upsid="41" ordinal="2" sl="41" sc="1" el="41" ec="2" bec="0" bev="0" fileid="1" />
              </SequencePoints>
              <BranchPoints />
              <MethodPoint vc="3" upsid="0" p8:type="SequencePoint" ordinal="5" offset="5" sc="0" sl="39" ec="1" el="41" bec="0" bev="0" fileid="1" xmlns:p8="xsi" />
            </Method>
            <Method cyclomaticComplexity="0" nPathComplexity="0" sequenceCoverage="1" branchCoverage="0" isConstructor="False" isGetter="False" isSetter="False" isStatic="True">
              <Summary numSequencePoints="3" visitedSequencePoints="3" numBranchPoints="0" visitedBranchPoints="0" sequenceCoverage="1" branchCoverage="0" maxCyclomaticComplexity="0" minCyclomaticComplexity="0" visitedClasses="0" numClasses="0" visitedMethods="1" numMethods="1" />
              <MetadataToken />
              <Name>T ArgValidation.Arg::Null(System.Linq.Expressions.Expression`1&lt;System.Func`1&lt;T&gt;&gt;)</Name>
              <FileRef uid="1" />
              <SequencePoints>
                <SequencePoint vc="4" upsid="44" ordinal="0" sl="44" sc="1" el="44" ec="2" bec="0" bev="0" fileid="1" />
                <SequencePoint vc="4" upsid="45" ordinal="1" sl="45" sc="1" el="45" ec="2" bec="0" bev="0" fileid="1" />
                <SequencePoint vc="2" upsid="46" ordinal="2" sl="46" sc="1" el="46" ec="2" bec="0" bev="0" fileid="1" />
              </SequencePoints>
              <BranchPoints />
              <MethodPoint vc="3" upsid="0" p8:type="SequencePoint" ordinal="6" offset="6" sc="0" sl="44" ec="1" el="46" bec="0" bev="0" fileid="1" xmlns:p8="xsi" />
            </Method>
            <Method cyclomaticComplexity="0" nPathComplexity="0" sequenceCoverage="1" branchCoverage="0" isConstructor="False" isGetter="False" isSetter="False" isStatic="True">
              <Summary numSequencePoints="3" visitedSequencePoints="3" numBranchPoints="0" visitedBranchPoints="0" sequenceCoverage="1" branchCoverage="0" maxCyclomaticComplexity="0" minCyclomaticComplexity="0" visitedClasses="0" numClasses="0" visitedMethods="1" numMethods="1" />
              <MetadataToken />
              <Name>T ArgValidation.Arg::Null(T,System.String)</Name>
              <FileRef uid="1" />
              <SequencePoints>
                <SequencePoint vc="4" upsid="49" ordinal="0" sl="49" sc="1" el="49" ec="2" bec="0" bev="0" fileid="1" />
                <SequencePoint vc="4" upsid="50" ordinal="1" sl="50" sc="1" el="50" ec="2" bec="0" bev="0" fileid="1" />
                <SequencePoint vc="2" upsid="51" ordinal="2" sl="51" sc="1" el="51" ec="2" bec="0" bev="0" fileid="1" />
              </SequencePoints>
              <BranchPoints />
              <MethodPoint vc="3" upsid="0" p8:type="SequencePoint" ordinal="7" offset="7" sc="0" sl="49" ec="1" el="51" bec="0" bev="0" fileid="1" xmlns:p8="xsi" />
            </Method>
            <Method cyclomaticComplexity="0" nPathComplexity="0" sequenceCoverage="1" branchCoverage="0" isConstructor="False" isGetter="False" isSetter="False" isStatic="True">
              <Summary numSequencePoints="3" visitedSequencePoints="3" numBranchPoints="0" visitedBranchPoints="0" sequenceCoverage="1" branchCoverage="0" maxCyclomaticComplexity="0" minCyclomaticComplexity="0" visitedClasses="0" numClasses="0" visitedMethods="1" numMethods="1" />
              <MetadataToken />
              <Name>T ArgValidation.Arg::NotNull(System.Linq.Expressions.Expression`1&lt;System.Func`1&lt;T&gt;&gt;)</Name>
              <FileRef uid="1" />
              <SequencePoints>
                <SequencePoint vc="4" upsid="54" ordinal="0" sl="54" sc="1" el="54" ec="2" bec="0" bev="0" fileid="1" />
                <SequencePoint vc="4" upsid="55" ordinal="1" sl="55" sc="1" el="55" ec="2" bec="0" bev="0" fileid="1" />
                <SequencePoint vc="2" upsid="56" ordinal="2" sl="56" sc="1" el="56" ec="2" bec="0" bev="0" fileid="1" />
              </SequencePoints>
              <BranchPoints />
              <MethodPoint vc="3" upsid="0" p8:type="SequencePoint" ordinal="8" offset="8" sc="0" sl="54" ec="1" el="56" bec="0" bev="0" fileid="1" xmlns:p8="xsi" />
            </Method>
            <Method cyclomaticComplexity="0" nPathComplexity="0" sequenceCoverage="1" branchCoverage="0" isConstructor="False" isGetter="False" isSetter="False" isStatic="True">
              <Summary numSequencePoints="3" visitedSequencePoints="3" numBranchPoints="0" visitedBranchPoints="0" sequenceCoverage="1" branchCoverage="0" maxCyclomaticComplexity="0" minCyclomaticComplexity="0" visitedClasses="0" numClasses="0" visitedMethods="1" numMethods="1" />
              <MetadataToken />
              <Name>T ArgValidation.Arg::NotNull(T,System.String)</Name>
              <FileRef uid="1" />
              <SequencePoints>
                <SequencePoint vc="4" upsid="59" ordinal="0" sl="59" sc="1" el="59" ec="2" bec="0" bev="0" fileid="1" />
                <SequencePoint vc="4" upsid="60" ordinal="1" sl="60" sc="1" el="60" ec="2" bec="0" bev="0" fileid="1" />
                <SequencePoint vc="2" upsid="61" ordinal="2" sl="61" sc="1" el="61" ec="2" bec="0" bev="0" fileid="1" />
              </SequencePoints>
              <BranchPoints />
              <MethodPoint vc="3" upsid="0" p8:type="SequencePoint" ordinal="9" offset="9" sc="0" sl="59" ec="1" el="61" bec="0" bev="0" fileid="1" xmlns:p8="xsi" />
            </Method>
            <Method cyclomaticComplexity="0" nPathComplexity="0" sequenceCoverage="1" branchCoverage="0" isConstructor="False" isGetter="False" isSetter="False" isStatic="True">
              <Summary numSequencePoints="3" visitedSequencePoints="3" numBranchPoints="0" visitedBranchPoints="0" sequenceCoverage="1" branchCoverage="0" maxCyclomaticComplexity="0" minCyclomaticComplexity="0" visitedClasses="0" numClasses="0" visitedMethods="1" numMethods="1" />
              <MetadataToken />
              <Name>System.String ArgValidation.Arg::NullOrEmpty(System.Linq.Expressions.Expression`1&lt;System.Func`1&lt;System.String&gt;&gt;)</Name>
              <FileRef uid="1" />
              <SequencePoints>
                <SequencePoint vc="3" upsid="68" ordinal="0" sl="68" sc="1" el="68" ec="2" bec="0" bev="0" fileid="1" />
                <SequencePoint vc="3" upsid="69" ordinal="1" sl="69" sc="1" el="69" ec="2" bec="0" bev="0" fileid="1" />
                <SequencePoint vc="2" upsid="70" ordinal="2" sl="70" sc="1" el="70" ec="2" bec="0" bev="0" fileid="1" />
              </SequencePoints>
              <BranchPoints />
              <MethodPoint vc="3" upsid="0" p8:type="SequencePoint" ordinal="10" offset="10" sc="0" sl="68" ec="1" el="70" bec="0" bev="0" fileid="1" xmlns:p8="xsi" />
            </Method>
            <Method cyclomaticComplexity="0" nPathComplexity="0" sequenceCoverage="1" branchCoverage="0" isConstructor="False" isGetter="False" isSetter="False" isStatic="True">
              <Summary numSequencePoints="3" visitedSequencePoints="3" numBranchPoints="0" visitedBranchPoints="0" sequenceCoverage="1" branchCoverage="0" maxCyclomaticComplexity="0" minCyclomaticComplexity="0" visitedClasses="0" numClasses="0" visitedMethods="1" numMethods="1" />
              <MetadataToken />
              <Name>System.String ArgValidation.Arg::NullOrEmpty(System.String,System.String)</Name>
              <FileRef uid="1" />
              <SequencePoints>
                <SequencePoint vc="3" upsid="73" ordinal="0" sl="73" sc="1" el="73" ec="2" bec="0" bev="0" fileid="1" />
                <SequencePoint vc="3" upsid="74" ordinal="1" sl="74" sc="1" el="74" ec="2" bec="0" bev="0" fileid="1" />
                <SequencePoint vc="2" upsid="75" ordinal="2" sl="75" sc="1" el="75" ec="2" bec="0" bev="0" fileid="1" />
              </SequencePoints>
              <BranchPoints />
              <MethodPoint vc="3" upsid="0" p8:type="SequencePoint" ordinal="11" offset="11" sc="0" sl="73" ec="1" el="75" bec="0" bev="0" fileid="1" xmlns:p8="xsi" />
            </Method>
            <Method cyclomaticComplexity="0" nPathComplexity="0" sequenceCoverage="1" branchCoverage="0" isConstructor="False" isGetter="False" isSetter="False" isStatic="True">
              <Summary numSequencePoints="3" visitedSequencePoints="3" numBranchPoints="0" visitedBranchPoints="0" sequenceCoverage="1" branchCoverage="0" maxCyclomaticComplexity="0" minCyclomaticComplexity="0" visitedClasses="0" numClasses="0" visitedMethods="1" numMethods="1" />
              <MetadataToken />
              <Name>System.String ArgValidation.Arg::NotNullOrEmpty(System.Linq.Expressions.Expression`1&lt;System.Func`1&lt;System.String&gt;&gt;)</Name>
              <FileRef uid="1" />
              <SequencePoints>
                <SequencePoint vc="3" upsid="78" ordinal="0" sl="78" sc="1" el="78" ec="2" bec="0" bev="0" fileid="1" />
                <SequencePoint vc="3" upsid="79" ordinal="1" sl="79" sc="1" el="79" ec="2" bec="0" bev="0" fileid="1" />
                <SequencePoint vc="1" upsid="80" ordinal="2" sl="80" sc="1" el="80" ec="2" bec="0" bev="0" fileid="1" />
              </SequencePoints>
              <BranchPoints />
              <MethodPoint vc="3" upsid="0" p8:type="SequencePoint" ordinal="12" offset="12" sc="0" sl="78" ec="1" el="80" bec="0" bev="0" fileid="1" xmlns:p8="xsi" />
            </Method>
            <Method cyclomaticComplexity="0" nPathComplexity="0" sequenceCoverage="1" branchCoverage="0" isConstructor="False" isGetter="False" isSetter="False" isStatic="True">
              <Summary numSequencePoints="3" visitedSequencePoints="3" numBranchPoints="0" visitedBranchPoints="0" sequenceCoverage="1" branchCoverage="0" maxCyclomaticComplexity="0" minCyclomaticComplexity="0" visitedClasses="0" numClasses="0" visitedMethods="1" numMethods="1" />
              <MetadataToken />
              <Name>System.String ArgValidation.Arg::NotNullOrEmpty(System.String,System.String)</Name>
              <FileRef uid="1" />
              <SequencePoints>
                <SequencePoint vc="3" upsid="83" ordinal="0" sl="83" sc="1" el="83" ec="2" bec="0" bev="0" fileid="1" />
                <SequencePoint vc="3" upsid="84" ordinal="1" sl="84" sc="1" el="84" ec="2" bec="0" bev="0" fileid="1" />
                <SequencePoint vc="1" upsid="85" ordinal="2" sl="85" sc="1" el="85" ec="2" bec="0" bev="0" fileid="1" />
              </SequencePoints>
              <BranchPoints />
              <MethodPoint vc="3" upsid="0" p8:type="SequencePoint" ordinal="13" offset="13" sc="0" sl="83" ec="1" el="85" bec="0" bev="0" fileid="1" xmlns:p8="xsi" />
            </Method>
            <Method cyclomaticComplexity="0" nPathComplexity="0" sequenceCoverage="1" branchCoverage="0" isConstructor="False" isGetter="False" isSetter="False" isStatic="True">
              <Summary numSequencePoints="3" visitedSequencePoints="3" numBranchPoints="0" visitedBranchPoints="0" sequenceCoverage="1" branchCoverage="0" maxCyclomaticComplexity="0" minCyclomaticComplexity="0" visitedClasses="0" numClasses="0" visitedMethods="1" numMethods="1" />
              <MetadataToken />
              <Name>System.String ArgValidation.Arg::NullOrWhitespace(System.Linq.Expressions.Expression`1&lt;System.Func`1&lt;System.String&gt;&gt;)</Name>
              <FileRef uid="1" />
              <SequencePoints>
                <SequencePoint vc="4" upsid="88" ordinal="0" sl="88" sc="1" el="88" ec="2" bec="0" bev="0" fileid="1" />
                <SequencePoint vc="4" upsid="89" ordinal="1" sl="89" sc="1" el="89" ec="2" bec="0" bev="0" fileid="1" />
                <SequencePoint vc="3" upsid="90" ordinal="2" sl="90" sc="1" el="90" ec="2" bec="0" bev="0" fileid="1" />
              </SequencePoints>
              <BranchPoints />
              <MethodPoint vc="3" upsid="0" p8:type="SequencePoint" ordinal="14" offset="14" sc="0" sl="88" ec="1" el="90" bec="0" bev="0" fileid="1" xmlns:p8="xsi" />
            </Method>
            <Method cyclomaticComplexity="0" nPathComplexity="0" sequenceCoverage="1" branchCoverage="0" isConstructor="False" isGetter="False" isSetter="False" isStatic="True">
              <Summary numSequencePoints="3" visitedSequencePoints="3" numBranchPoints="0" visitedBranchPoints="0" sequenceCoverage="1" branchCoverage="0" maxCyclomaticComplexity="0" minCyclomaticComplexity="0" visitedClasses="0" numClasses="0" visitedMethods="1" numMethods="1" />
              <MetadataToken />
              <Name>System.String ArgValidation.Arg::NullOrWhitespace(System.String,System.String)</Name>
              <FileRef uid="1" />
              <SequencePoints>
                <SequencePoint vc="4" upsid="93" ordinal="0" sl="93" sc="1" el="93" ec="2" bec="0" bev="0" fileid="1" />
                <SequencePoint vc="4" upsid="94" ordinal="1" sl="94" sc="1" el="94" ec="2" bec="0" bev="0" fileid="1" />
                <SequencePoint vc="3" upsid="95" ordinal="2" sl="95" sc="1" el="95" ec="2" bec="0" bev="0" fileid="1" />
              </SequencePoints>
              <BranchPoints />
              <MethodPoint vc="3" upsid="0" p8:type="SequencePoint" ordinal="15" offset="15" sc="0" sl="93" ec="1" el="95" bec="0" bev="0" fileid="1" xmlns:p8="xsi" />
            </Method>
            <Method cyclomaticComplexity="0" nPathComplexity="0" sequenceCoverage="1" branchCoverage="0" isConstructor="False" isGetter="False" isSetter="False" isStatic="True">
              <Summary numSequencePoints="3" visitedSequencePoints="3" numBranchPoints="0" visitedBranchPoints="0" sequenceCoverage="1" branchCoverage="0" maxCyclomaticComplexity="0" minCyclomaticComplexity="0" visitedClasses="0" numClasses="0" visitedMethods="1" numMethods="1" />
              <MetadataToken />
              <Name>System.String ArgValidation.Arg::NotNullOrWhitespace(System.Linq.Expressions.Expression`1&lt;System.Func`1&lt;System.String&gt;&gt;)</Name>
              <FileRef uid="1" />
              <SequencePoints>
                <SequencePoint vc="4" upsid="98" ordinal="0" sl="98" sc="1" el="98" ec="2" bec="0" bev="0" fileid="1" />
                <SequencePoint vc="4" upsid="99" ordinal="1" sl="99" sc="1" el="99" ec="2" bec="0" bev="0" fileid="1" />
                <SequencePoint vc="1" upsid="100" ordinal="2" sl="100" sc="1" el="100" ec="2" bec="0" bev="0" fileid="1" />
              </SequencePoints>
              <BranchPoints />
              <MethodPoint vc="3" upsid="0" p8:type="SequencePoint" ordinal="16" offset="16" sc="0" sl="98" ec="1" el="100" bec="0" bev="0" fileid="1" xmlns:p8="xsi" />
            </Method>
            <Method cyclomaticComplexity="0" nPathComplexity="0" sequenceCoverage="1" branchCoverage="0" isConstructor="False" isGetter="False" isSetter="False" isStatic="True">
              <Summary numSequencePoints="3" visitedSequencePoints="3" numBranchPoints="0" visitedBranchPoints="0" sequenceCoverage="1" branchCoverage="0" maxCyclomaticComplexity="0" minCyclomaticComplexity="0" visitedClasses="0" numClasses="0" visitedMethods="1" numMethods="1" />
              <MetadataToken />
              <Name>System.String ArgValidation.Arg::NotNullOrWhitespace(System.String,System.String)</Name>
              <FileRef uid="1" />
              <SequencePoints>
                <SequencePoint vc="4" upsid="103" ordinal="0" sl="103" sc="1" el="103" ec="2" bec="0" bev="0" fileid="1" />
                <SequencePoint vc="4" upsid="104" ordinal="1" sl="104" sc="1" el="104" ec="2" bec="0" bev="0" fileid="1" />
                <SequencePoint vc="1" upsid="105" ordinal="2" sl="105" sc="1" el="105" ec="2" bec="0" bev="0" fileid="1" />
              </SequencePoints>
              <BranchPoints />
              <MethodPoint vc="3" upsid="0" p8:type="SequencePoint" ordinal="17" offset="17" sc="0" sl="103" ec="1" el="105" bec="0" bev="0" fileid="1" xmlns:p8="xsi" />
            </Method>
            <Method cyclomaticComplexity="0" nPathComplexity="0" sequenceCoverage="1" branchCoverage="0" isConstructor="False" isGetter="False" isSetter="False" isStatic="True">
              <Summary numSequencePoints="3" visitedSequencePoints="3" numBranchPoints="0" visitedBranchPoints="0" sequenceCoverage="1" branchCoverage="0" maxCyclomaticComplexity="0" minCyclomaticComplexity="0" visitedClasses="0" numClasses="0" visitedMethods="1" numMethods="1" />
              <MetadataToken />
              <Name>System.Int32 ArgValidation.Arg::Positive(System.Linq.Expressions.Expression`1&lt;System.Func`1&lt;System.Int32&gt;&gt;)</Name>
              <FileRef uid="1" />
              <SequencePoints>
                <SequencePoint vc="13" upsid="112" ordinal="0" sl="112" sc="1" el="112" ec="2" bec="0" bev="0" fileid="1" />
                <SequencePoint vc="13" upsid="113" ordinal="1" sl="113" sc="1" el="113" ec="2" bec="0" bev="0" fileid="1" />
                <SequencePoint vc="6" upsid="114" ordinal="2" sl="114" sc="1" el="114" ec="2" bec="0" bev="0" fileid="1" />
              </SequencePoints>
              <BranchPoints />
              <MethodPoint vc="3" upsid="0" p8:type="SequencePoint" ordinal="18" offset="18" sc="0" sl="112" ec="1" el="114" bec="0" bev="0" fileid="1" xmlns:p8="xsi" />
            </Method>
            <Method cyclomaticComplexity="0" nPathComplexity="0" sequenceCoverage="1" branchCoverage="0" isConstructor="False" isGetter="False" isSetter="False" isStatic="True">
              <Summary numSequencePoints="3" visitedSequencePoints="3" numBranchPoints="0" visitedBranchPoints="0" sequenceCoverage="1" branchCoverage="0" maxCyclomaticComplexity="0" minCyclomaticComplexity="0" visitedClasses="0" numClasses="0" visitedMethods="1" numMethods="1" />
              <MetadataToken />
              <Name>System.Int32 ArgValidation.Arg::Positive(System.Int32,System.String)</Name>
              <FileRef uid="1" />
              <SequencePoints>
                <SequencePoint vc="13" upsid="117" ordinal="0" sl="117" sc="1" el="117" ec="2" bec="0" bev="0" fileid="1" />
                <SequencePoint vc="13" upsid="118" ordinal="1" sl="118" sc="1" el="118" ec="2" bec="0" bev="0" fileid="1" />
                <SequencePoint vc="6" upsid="119" ordinal="2" sl="119" sc="1" el="119" ec="2" bec="0" bev="0" fileid="1" />
              </SequencePoints>
              <BranchPoints />
              <MethodPoint vc="3" upsid="0" p8:type="SequencePoint" ordinal="19" offset="19" sc="0" sl="117" ec="1" el="119" bec="0" bev="0" fileid="1" xmlns:p8="xsi" />
            </Method>
            <Method cyclomaticComplexity="0" nPathComplexity="0" sequenceCoverage="1" branchCoverage="0" isConstructor="False" isGetter="False" isSetter="False" isStatic="True">
              <Summary numSequencePoints="3" visitedSequencePoints="3" numBranchPoints="0" visitedBranchPoints="0" sequenceCoverage="1" branchCoverage="0" maxCyclomaticComplexity="0" minCyclomaticComplexity="0" visitedClasses="0" numClasses="0" visitedMethods="1" numMethods="1" />
              <MetadataToken />
              <Name>System.Decimal ArgValidation.Arg::Positive(System.Linq.Expressions.Expression`1&lt;System.Func`1&lt;System.Decimal&gt;&gt;)</Name>
              <FileRef uid="1" />
              <SequencePoints>
                <SequencePoint vc="13" upsid="122" ordinal="0" sl="122" sc="1" el="122" ec="2" bec="0" bev="0" fileid="1" />
                <SequencePoint vc="13" upsid="123" ordinal="1" sl="123" sc="1" el="123" ec="2" bec="0" bev="0" fileid="1" />
                <SequencePoint vc="6" upsid="124" ordinal="2" sl="124" sc="1" el="124" ec="2" bec="0" bev="0" fileid="1" />
              </SequencePoints>
              <BranchPoints />
              <MethodPoint vc="3" upsid="0" p8:type="SequencePoint" ordinal="20" offset="20" sc="0" sl="122" ec="1" el="124" bec="0" bev="0" fileid="1" xmlns:p8="xsi" />
            </Method>
            <Method cyclomaticComplexity="0" nPathComplexity="0" sequenceCoverage="1" branchCoverage="0" isConstructor="False" isGetter="False" isSetter="False" isStatic="True">
              <Summary numSequencePoints="3" visitedSequencePoints="3" numBranchPoints="0" visitedBranchPoints="0" sequenceCoverage="1" branchCoverage="0" maxCyclomaticComplexity="0" minCyclomaticComplexity="0" visitedClasses="0" numClasses="0" visitedMethods="1" numMethods="1" />
              <MetadataToken />
              <Name>System.Decimal ArgValidation.Arg::Positive(System.Decimal,System.String)</Name>
              <FileRef uid="1" />
              <SequencePoints>
                <SequencePoint vc="13" upsid="127" ordinal="0" sl="127" sc="1" el="127" ec="2" bec="0" bev="0" fileid="1" />
                <SequencePoint vc="13" upsid="128" ordinal="1" sl="128" sc="1" el="128" ec="2" bec="0" bev="0" fileid="1" />
                <SequencePoint vc="6" upsid="129" ordinal="2" sl="129" sc="1" el="129" ec="2" bec="0" bev="0" fileid="1" />
              </SequencePoints>
              <BranchPoints />
              <MethodPoint vc="3" upsid="0" p8:type="SequencePoint" ordinal="21" offset="21" sc="0" sl="127" ec="1" el="129" bec="0" bev="0" fileid="1" xmlns:p8="xsi" />
            </Method>
            <Method cyclomaticComplexity="0" nPathComplexity="0" sequenceCoverage="1" branchCoverage="0" isConstructor="False" isGetter="False" isSetter="False" isStatic="True">
              <Summary numSequencePoints="3" visitedSequencePoints="3" numBranchPoints="0" visitedBranchPoints="0" sequenceCoverage="1" branchCoverage="0" maxCyclomaticComplexity="0" minCyclomaticComplexity="0" visitedClasses="0" numClasses="0" visitedMethods="1" numMethods="1" />
              <MetadataToken />
              <Name>System.Double ArgValidation.Arg::Positive(System.Linq.Expressions.Expression`1&lt;System.Func`1&lt;System.Double&gt;&gt;)</Name>
              <FileRef uid="1" />
              <SequencePoints>
                <SequencePoint vc="13" upsid="132" ordinal="0" sl="132" sc="1" el="132" ec="2" bec="0" bev="0" fileid="1" />
                <SequencePoint vc="13" upsid="133" ordinal="1" sl="133" sc="1" el="133" ec="2" bec="0" bev="0" fileid="1" />
                <SequencePoint vc="6" upsid="134" ordinal="2" sl="134" sc="1" el="134" ec="2" bec="0" bev="0" fileid="1" />
              </SequencePoints>
              <BranchPoints />
              <MethodPoint vc="3" upsid="0" p8:type="SequencePoint" ordinal="22" offset="22" sc="0" sl="132" ec="1" el="134" bec="0" bev="0" fileid="1" xmlns:p8="xsi" />
            </Method>
            <Method cyclomaticComplexity="0" nPathComplexity="0" sequenceCoverage="1" branchCoverage="0" isConstructor="False" isGetter="False" isSetter="False" isStatic="True">
              <Summary numSequencePoints="3" visitedSequencePoints="3" numBranchPoints="0" visitedBranchPoints="0" sequenceCoverage="1" branchCoverage="0" maxCyclomaticComplexity="0" minCyclomaticComplexity="0" visitedClasses="0" numClasses="0" visitedMethods="1" numMethods="1" />
              <MetadataToken />
              <Name>System.Double ArgValidation.Arg::Positive(System.Double,System.String)</Name>
              <FileRef uid="1" />
              <SequencePoints>
                <SequencePoint vc="13" upsid="137" ordinal="0" sl="137" sc="1" el="137" ec="2" bec="0" bev="0" fileid="1" />
                <SequencePoint vc="13" upsid="138" ordinal="1" sl="138" sc="1" el="138" ec="2" bec="0" bev="0" fileid="1" />
                <SequencePoint vc="6" upsid="139" ordinal="2" sl="139" sc="1" el="139" ec="2" bec="0" bev="0" fileid="1" />
              </SequencePoints>
              <BranchPoints />
              <MethodPoint vc="3" upsid="0" p8:type="SequencePoint" ordinal="23" offset="23" sc="0" sl="137" ec="1" el="139" bec="0" bev="0" fileid="1" xmlns:p8="xsi" />
            </Method>
            <Method cyclomaticComplexity="0" nPathComplexity="0" sequenceCoverage="1" branchCoverage="0" isConstructor="False" isGetter="False" isSetter="False" isStatic="True">
              <Summary numSequencePoints="3" visitedSequencePoints="3" numBranchPoints="0" visitedBranchPoints="0" sequenceCoverage="1" branchCoverage="0" maxCyclomaticComplexity="0" minCyclomaticComplexity="0" visitedClasses="0" numClasses="0" visitedMethods="1" numMethods="1" />
              <MetadataToken />
              <Name>System.Single ArgValidation.Arg::Positive(System.Linq.Expressions.Expression`1&lt;System.Func`1&lt;System.Single&gt;&gt;)</Name>
              <FileRef uid="1" />
              <SequencePoints>
                <SequencePoint vc="13" upsid="142" ordinal="0" sl="142" sc="1" el="142" ec="2" bec="0" bev="0" fileid="1" />
                <SequencePoint vc="13" upsid="143" ordinal="1" sl="143" sc="1" el="143" ec="2" bec="0" bev="0" fileid="1" />
                <SequencePoint vc="6" upsid="144" ordinal="2" sl="144" sc="1" el="144" ec="2" bec="0" bev="0" fileid="1" />
              </SequencePoints>
              <BranchPoints />
              <MethodPoint vc="3" upsid="0" p8:type="SequencePoint" ordinal="24" offset="24" sc="0" sl="142" ec="1" el="144" bec="0" bev="0" fileid="1" xmlns:p8="xsi" />
            </Method>
            <Method cyclomaticComplexity="0" nPathComplexity="0" sequenceCoverage="1" branchCoverage="0" isConstructor="False" isGetter="False" isSetter="False" isStatic="True">
              <Summary numSequencePoints="3" visitedSequencePoints="3" numBranchPoints="0" visitedBranchPoints="0" sequenceCoverage="1" branchCoverage="0" maxCyclomaticComplexity="0" minCyclomaticComplexity="0" visitedClasses="0" numClasses="0" visitedMethods="1" numMethods="1" />
              <MetadataToken />
              <Name>System.Single ArgValidation.Arg::Positive(System.Single,System.String)</Name>
              <FileRef uid="1" />
              <SequencePoints>
                <SequencePoint vc="13" upsid="147" ordinal="0" sl="147" sc="1" el="147" ec="2" bec="0" bev="0" fileid="1" />
                <SequencePoint vc="13" upsid="148" ordinal="1" sl="148" sc="1" el="148" ec="2" bec="0" bev="0" fileid="1" />
                <SequencePoint vc="6" upsid="149" ordinal="2" sl="149" sc="1" el="149" ec="2" bec="0" bev="0" fileid="1" />
              </SequencePoints>
              <BranchPoints />
              <MethodPoint vc="3" upsid="0" p8:type="SequencePoint" ordinal="25" offset="25" sc="0" sl="147" ec="1" el="149" bec="0" bev="0" fileid="1" xmlns:p8="xsi" />
            </Method>
            <Method cyclomaticComplexity="0" nPathComplexity="0" sequenceCoverage="1" branchCoverage="0" isConstructor="False" isGetter="False" isSetter="False" isStatic="True">
              <Summary numSequencePoints="3" visitedSequencePoints="3" numBranchPoints="0" visitedBranchPoints="0" sequenceCoverage="1" branchCoverage="0" maxCyclomaticComplexity="0" minCyclomaticComplexity="0" visitedClasses="0" numClasses="0" visitedMethods="1" numMethods="1" />
              <MetadataToken />
              <Name>System.Int32 ArgValidation.Arg::PositiveOrZero(System.Linq.Expressions.Expression`1&lt;System.Func`1&lt;System.Int32&gt;&gt;)</Name>
              <FileRef uid="1" />
              <SequencePoints>
                <SequencePoint vc="13" upsid="154" ordinal="0" sl="154" sc="1" el="154" ec="2" bec="0" bev="0" fileid="1" />
                <SequencePoint vc="13" upsid="155" ordinal="1" sl="155" sc="1" el="155" ec="2" bec="0" bev="0" fileid="1" />
                <SequencePoint vc="7" upsid="156" ordinal="2" sl="156" sc="1" el="156" ec="2" bec="0" bev="0" fileid="1" />
              </SequencePoints>
              <BranchPoints />
              <MethodPoint vc="3" upsid="0" p8:type="SequencePoint" ordinal="26" offset="26" sc="0" sl="154" ec="1" el="156" bec="0" bev="0" fileid="1" xmlns:p8="xsi" />
            </Method>
            <Method cyclomaticComplexity="0" nPathComplexity="0" sequenceCoverage="1" branchCoverage="0" isConstructor="False" isGetter="False" isSetter="False" isStatic="True">
              <Summary numSequencePoints="3" visitedSequencePoints="3" numBranchPoints="0" visitedBranchPoints="0" sequenceCoverage="1" branchCoverage="0" maxCyclomaticComplexity="0" minCyclomaticComplexity="0" visitedClasses="0" numClasses="0" visitedMethods="1" numMethods="1" />
              <MetadataToken />
              <Name>System.Int32 ArgValidation.Arg::PositiveOrZero(System.Int32,System.String)</Name>
              <FileRef uid="1" />
              <SequencePoints>
                <SequencePoint vc="13" upsid="159" ordinal="0" sl="159" sc="1" el="159" ec="2" bec="0" bev="0" fileid="1" />
                <SequencePoint vc="13" upsid="160" ordinal="1" sl="160" sc="1" el="160" ec="2" bec="0" bev="0" fileid="1" />
                <SequencePoint vc="7" upsid="161" ordinal="2" sl="161" sc="1" el="161" ec="2" bec="0" bev="0" fileid="1" />
              </SequencePoints>
              <BranchPoints />
              <MethodPoint vc="3" upsid="0" p8:type="SequencePoint" ordinal="27" offset="27" sc="0" sl="159" ec="1" el="161" bec="0" bev="0" fileid="1" xmlns:p8="xsi" />
            </Method>
            <Method cyclomaticComplexity="0" nPathComplexity="0" sequenceCoverage="1" branchCoverage="0" isConstructor="False" isGetter="False" isSetter="False" isStatic="True">
              <Summary numSequencePoints="3" visitedSequencePoints="3" numBranchPoints="0" visitedBranchPoints="0" sequenceCoverage="1" branchCoverage="0" maxCyclomaticComplexity="0" minCyclomaticComplexity="0" visitedClasses="0" numClasses="0" visitedMethods="1" numMethods="1" />
              <MetadataToken />
              <Name>System.Decimal ArgValidation.Arg::PositiveOrZero(System.Linq.Expressions.Expression`1&lt;System.Func`1&lt;System.Decimal&gt;&gt;)</Name>
              <FileRef uid="1" />
              <SequencePoints>
                <SequencePoint vc="13" upsid="164" ordinal="0" sl="164" sc="1" el="164" ec="2" bec="0" bev="0" fileid="1" />
                <SequencePoint vc="13" upsid="165" ordinal="1" sl="165" sc="1" el="165" ec="2" bec="0" bev="0" fileid="1" />
                <SequencePoint vc="7" upsid="166" ordinal="2" sl="166" sc="1" el="166" ec="2" bec="0" bev="0" fileid="1" />
              </SequencePoints>
              <BranchPoints />
              <MethodPoint vc="3" upsid="0" p8:type="SequencePoint" ordinal="28" offset="28" sc="0" sl="164" ec="1" el="166" bec="0" bev="0" fileid="1" xmlns:p8="xsi" />
            </Method>
            <Method cyclomaticComplexity="0" nPathComplexity="0" sequenceCoverage="1" branchCoverage="0" isConstructor="False" isGetter="False" isSetter="False" isStatic="True">
              <Summary numSequencePoints="3" visitedSequencePoints="3" numBranchPoints="0" visitedBranchPoints="0" sequenceCoverage="1" branchCoverage="0" maxCyclomaticComplexity="0" minCyclomaticComplexity="0" visitedClasses="0" numClasses="0" visitedMethods="1" numMethods="1" />
              <MetadataToken />
              <Name>System.Decimal ArgValidation.Arg::PositiveOrZero(System.Decimal,System.String)</Name>
              <FileRef uid="1" />
              <SequencePoints>
                <SequencePoint vc="13" upsid="169" ordinal="0" sl="169" sc="1" el="169" ec="2" bec="0" bev="0" fileid="1" />
                <SequencePoint vc="13" upsid="170" ordinal="1" sl="170" sc="1" el="170" ec="2" bec="0" bev="0" fileid="1" />
                <SequencePoint vc="7" upsid="171" ordinal="2" sl="171" sc="1" el="171" ec="2" bec="0" bev="0" fileid="1" />
              </SequencePoints>
              <BranchPoints />
              <MethodPoint vc="3" upsid="0" p8:type="SequencePoint" ordinal="29" offset="29" sc="0" sl="169" ec="1" el="171" bec="0" bev="0" fileid="1" xmlns:p8="xsi" />
            </Method>
            <Method cyclomaticComplexity="0" nPathComplexity="0" sequenceCoverage="1" branchCoverage="0" isConstructor="False" isGetter="False" isSetter="False" isStatic="True">
              <Summary numSequencePoints="3" visitedSequencePoints="3" numBranchPoints="0" visitedBranchPoints="0" sequenceCoverage="1" branchCoverage="0" maxCyclomaticComplexity="0" minCyclomaticComplexity="0" visitedClasses="0" numClasses="0" visitedMethods="1" numMethods="1" />
              <MetadataToken />
              <Name>System.Double ArgValidation.Arg::PositiveOrZero(System.Linq.Expressions.Expression`1&lt;System.Func`1&lt;System.Double&gt;&gt;)</Name>
              <FileRef uid="1" />
              <SequencePoints>
                <SequencePoint vc="13" upsid="174" ordinal="0" sl="174" sc="1" el="174" ec="2" bec="0" bev="0" fileid="1" />
                <SequencePoint vc="13" upsid="175" ordinal="1" sl="175" sc="1" el="175" ec="2" bec="0" bev="0" fileid="1" />
                <SequencePoint vc="7" upsid="176" ordinal="2" sl="176" sc="1" el="176" ec="2" bec="0" bev="0" fileid="1" />
              </SequencePoints>
              <BranchPoints />
              <MethodPoint vc="3" upsid="0" p8:type="SequencePoint" ordinal="30" offset="30" sc="0" sl="174" ec="1" el="176" bec="0" bev="0" fileid="1" xmlns:p8="xsi" />
            </Method>
            <Method cyclomaticComplexity="0" nPathComplexity="0" sequenceCoverage="1" branchCoverage="0" isConstructor="False" isGetter="False" isSetter="False" isStatic="True">
              <Summary numSequencePoints="3" visitedSequencePoints="3" numBranchPoints="0" visitedBranchPoints="0" sequenceCoverage="1" branchCoverage="0" maxCyclomaticComplexity="0" minCyclomaticComplexity="0" visitedClasses="0" numClasses="0" visitedMethods="1" numMethods="1" />
              <MetadataToken />
              <Name>System.Double ArgValidation.Arg::PositiveOrZero(System.Double,System.String)</Name>
              <FileRef uid="1" />
              <SequencePoints>
                <SequencePoint vc="13" upsid="179" ordinal="0" sl="179" sc="1" el="179" ec="2" bec="0" bev="0" fileid="1" />
                <SequencePoint vc="13" upsid="180" ordinal="1" sl="180" sc="1" el="180" ec="2" bec="0" bev="0" fileid="1" />
                <SequencePoint vc="7" upsid="181" ordinal="2" sl="181" sc="1" el="181" ec="2" bec="0" bev="0" fileid="1" />
              </SequencePoints>
              <BranchPoints />
              <MethodPoint vc="3" upsid="0" p8:type="SequencePoint" ordinal="31" offset="31" sc="0" sl="179" ec="1" el="181" bec="0" bev="0" fileid="1" xmlns:p8="xsi" />
            </Method>
            <Method cyclomaticComplexity="0" nPathComplexity="0" sequenceCoverage="1" branchCoverage="0" isConstructor="False" isGetter="False" isSetter="False" isStatic="True">
              <Summary numSequencePoints="3" visitedSequencePoints="3" numBranchPoints="0" visitedBranchPoints="0" sequenceCoverage="1" branchCoverage="0" maxCyclomaticComplexity="0" minCyclomaticComplexity="0" visitedClasses="0" numClasses="0" visitedMethods="1" numMethods="1" />
              <MetadataToken />
              <Name>System.Single ArgValidation.Arg::PositiveOrZero(System.Linq.Expressions.Expression`1&lt;System.Func`1&lt;System.Single&gt;&gt;)</Name>
              <FileRef uid="1" />
              <SequencePoints>
                <SequencePoint vc="13" upsid="184" ordinal="0" sl="184" sc="1" el="184" ec="2" bec="0" bev="0" fileid="1" />
                <SequencePoint vc="13" upsid="185" ordinal="1" sl="185" sc="1" el="185" ec="2" bec="0" bev="0" fileid="1" />
                <SequencePoint vc="7" upsid="186" ordinal="2" sl="186" sc="1" el="186" ec="2" bec="0" bev="0" fileid="1" />
              </SequencePoints>
              <BranchPoints />
              <MethodPoint vc="3" upsid="0" p8:type="SequencePoint" ordinal="32" offset="32" sc="0" sl="184" ec="1" el="186" bec="0" bev="0" fileid="1" xmlns:p8="xsi" />
            </Method>
            <Method cyclomaticComplexity="0" nPathComplexity="0" sequenceCoverage="1" branchCoverage="0" isConstructor="False" isGetter="False" isSetter="False" isStatic="True">
              <Summary numSequencePoints="3" visitedSequencePoints="3" numBranchPoints="0" visitedBranchPoints="0" sequenceCoverage="1" branchCoverage="0" maxCyclomaticComplexity="0" minCyclomaticComplexity="0" visitedClasses="0" numClasses="0" visitedMethods="1" numMethods="1" />
              <MetadataToken />
              <Name>System.Single ArgValidation.Arg::PositiveOrZero(System.Single,System.String)</Name>
              <FileRef uid="1" />
              <SequencePoints>
                <SequencePoint vc="13" upsid="189" ordinal="0" sl="189" sc="1" el="189" ec="2" bec="0" bev="0" fileid="1" />
                <SequencePoint vc="13" upsid="190" ordinal="1" sl="190" sc="1" el="190" ec="2" bec="0" bev="0" fileid="1" />
                <SequencePoint vc="7" upsid="191" ordinal="2" sl="191" sc="1" el="191" ec="2" bec="0" bev="0" fileid="1" />
              </SequencePoints>
              <BranchPoints />
              <MethodPoint vc="3" upsid="0" p8:type="SequencePoint" ordinal="33" offset="33" sc="0" sl="189" ec="1" el="191" bec="0" bev="0" fileid="1" xmlns:p8="xsi" />
            </Method>
            <Method cyclomaticComplexity="0" nPathComplexity="0" sequenceCoverage="1" branchCoverage="0" isConstructor="False" isGetter="False" isSetter="False" isStatic="True">
              <Summary numSequencePoints="3" visitedSequencePoints="3" numBranchPoints="0" visitedBranchPoints="0" sequenceCoverage="1" branchCoverage="0" maxCyclomaticComplexity="0" minCyclomaticComplexity="0" visitedClasses="0" numClasses="0" visitedMethods="1" numMethods="1" />
              <MetadataToken />
              <Name>System.Int32 ArgValidation.Arg::Negative(System.Linq.Expressions.Expression`1&lt;System.Func`1&lt;System.Int32&gt;&gt;)</Name>
              <FileRef uid="1" />
              <SequencePoints>
                <SequencePoint vc="13" upsid="196" ordinal="0" sl="196" sc="1" el="196" ec="2" bec="0" bev="0" fileid="1" />
                <SequencePoint vc="13" upsid="197" ordinal="1" sl="197" sc="1" el="197" ec="2" bec="0" bev="0" fileid="1" />
                <SequencePoint vc="6" upsid="198" ordinal="2" sl="198" sc="1" el="198" ec="2" bec="0" bev="0" fileid="1" />
              </SequencePoints>
              <BranchPoints />
              <MethodPoint vc="3" upsid="0" p8:type="SequencePoint" ordinal="34" offset="34" sc="0" sl="196" ec="1" el="198" bec="0" bev="0" fileid="1" xmlns:p8="xsi" />
            </Method>
            <Method cyclomaticComplexity="0" nPathComplexity="0" sequenceCoverage="1" branchCoverage="0" isConstructor="False" isGetter="False" isSetter="False" isStatic="True">
              <Summary numSequencePoints="3" visitedSequencePoints="3" numBranchPoints="0" visitedBranchPoints="0" sequenceCoverage="1" branchCoverage="0" maxCyclomaticComplexity="0" minCyclomaticComplexity="0" visitedClasses="0" numClasses="0" visitedMethods="1" numMethods="1" />
              <MetadataToken />
              <Name>System.Int32 ArgValidation.Arg::Negative(System.Int32,System.String)</Name>
              <FileRef uid="1" />
              <SequencePoints>
                <SequencePoint vc="13" upsid="201" ordinal="0" sl="201" sc="1" el="201" ec="2" bec="0" bev="0" fileid="1" />
                <SequencePoint vc="13" upsid="202" ordinal="1" sl="202" sc="1" el="202" ec="2" bec="0" bev="0" fileid="1" />
                <SequencePoint vc="6" upsid="203" ordinal="2" sl="203" sc="1" el="203" ec="2" bec="0" bev="0" fileid="1" />
              </SequencePoints>
              <BranchPoints />
              <MethodPoint vc="3" upsid="0" p8:type="SequencePoint" ordinal="35" offset="35" sc="0" sl="201" ec="1" el="203" bec="0" bev="0" fileid="1" xmlns:p8="xsi" />
            </Method>
            <Method cyclomaticComplexity="0" nPathComplexity="0" sequenceCoverage="1" branchCoverage="0" isConstructor="False" isGetter="False" isSetter="False" isStatic="True">
              <Summary numSequencePoints="3" visitedSequencePoints="3" numBranchPoints="0" visitedBranchPoints="0" sequenceCoverage="1" branchCoverage="0" maxCyclomaticComplexity="0" minCyclomaticComplexity="0" visitedClasses="0" numClasses="0" visitedMethods="1" numMethods="1" />
              <MetadataToken />
              <Name>System.Decimal ArgValidation.Arg::Negative(System.Linq.Expressions.Expression`1&lt;System.Func`1&lt;System.Decimal&gt;&gt;)</Name>
              <FileRef uid="1" />
              <SequencePoints>
                <SequencePoint vc="13" upsid="206" ordinal="0" sl="206" sc="1" el="206" ec="2" bec="0" bev="0" fileid="1" />
                <SequencePoint vc="13" upsid="207" ordinal="1" sl="207" sc="1" el="207" ec="2" bec="0" bev="0" fileid="1" />
                <SequencePoint vc="6" upsid="208" ordinal="2" sl="208" sc="1" el="208" ec="2" bec="0" bev="0" fileid="1" />
              </SequencePoints>
              <BranchPoints />
              <MethodPoint vc="3" upsid="0" p8:type="SequencePoint" ordinal="36" offset="36" sc="0" sl="206" ec="1" el="208" bec="0" bev="0" fileid="1" xmlns:p8="xsi" />
            </Method>
            <Method cyclomaticComplexity="0" nPathComplexity="0" sequenceCoverage="1" branchCoverage="0" isConstructor="False" isGetter="False" isSetter="False" isStatic="True">
              <Summary numSequencePoints="3" visitedSequencePoints="3" numBranchPoints="0" visitedBranchPoints="0" sequenceCoverage="1" branchCoverage="0" maxCyclomaticComplexity="0" minCyclomaticComplexity="0" visitedClasses="0" numClasses="0" visitedMethods="1" numMethods="1" />
              <MetadataToken />
              <Name>System.Decimal ArgValidation.Arg::Negative(System.Decimal,System.String)</Name>
              <FileRef uid="1" />
              <SequencePoints>
                <SequencePoint vc="13" upsid="211" ordinal="0" sl="211" sc="1" el="211" ec="2" bec="0" bev="0" fileid="1" />
                <SequencePoint vc="13" upsid="212" ordinal="1" sl="212" sc="1" el="212" ec="2" bec="0" bev="0" fileid="1" />
                <SequencePoint vc="6" upsid="213" ordinal="2" sl="213" sc="1" el="213" ec="2" bec="0" bev="0" fileid="1" />
              </SequencePoints>
              <BranchPoints />
              <MethodPoint vc="3" upsid="0" p8:type="SequencePoint" ordinal="37" offset="37" sc="0" sl="211" ec="1" el="213" bec="0" bev="0" fileid="1" xmlns:p8="xsi" />
            </Method>
            <Method cyclomaticComplexity="0" nPathComplexity="0" sequenceCoverage="1" branchCoverage="0" isConstructor="False" isGetter="False" isSetter="False" isStatic="True">
              <Summary numSequencePoints="3" visitedSequencePoints="3" numBranchPoints="0" visitedBranchPoints="0" sequenceCoverage="1" branchCoverage="0" maxCyclomaticComplexity="0" minCyclomaticComplexity="0" visitedClasses="0" numClasses="0" visitedMethods="1" numMethods="1" />
              <MetadataToken />
              <Name>System.Double ArgValidation.Arg::Negative(System.Linq.Expressions.Expression`1&lt;System.Func`1&lt;System.Double&gt;&gt;)</Name>
              <FileRef uid="1" />
              <SequencePoints>
                <SequencePoint vc="13" upsid="216" ordinal="0" sl="216" sc="1" el="216" ec="2" bec="0" bev="0" fileid="1" />
                <SequencePoint vc="13" upsid="217" ordinal="1" sl="217" sc="1" el="217" ec="2" bec="0" bev="0" fileid="1" />
                <SequencePoint vc="6" upsid="218" ordinal="2" sl="218" sc="1" el="218" ec="2" bec="0" bev="0" fileid="1" />
              </SequencePoints>
              <BranchPoints />
              <MethodPoint vc="3" upsid="0" p8:type="SequencePoint" ordinal="38" offset="38" sc="0" sl="216" ec="1" el="218" bec="0" bev="0" fileid="1" xmlns:p8="xsi" />
            </Method>
            <Method cyclomaticComplexity="0" nPathComplexity="0" sequenceCoverage="1" branchCoverage="0" isConstructor="False" isGetter="False" isSetter="False" isStatic="True">
              <Summary numSequencePoints="3" visitedSequencePoints="3" numBranchPoints="0" visitedBranchPoints="0" sequenceCoverage="1" branchCoverage="0" maxCyclomaticComplexity="0" minCyclomaticComplexity="0" visitedClasses="0" numClasses="0" visitedMethods="1" numMethods="1" />
              <MetadataToken />
              <Name>System.Double ArgValidation.Arg::Negative(System.Double,System.String)</Name>
              <FileRef uid="1" />
              <SequencePoints>
                <SequencePoint vc="13" upsid="221" ordinal="0" sl="221" sc="1" el="221" ec="2" bec="0" bev="0" fileid="1" />
                <SequencePoint vc="13" upsid="222" ordinal="1" sl="222" sc="1" el="222" ec="2" bec="0" bev="0" fileid="1" />
                <SequencePoint vc="6" upsid="223" ordinal="2" sl="223" sc="1" el="223" ec="2" bec="0" bev="0" fileid="1" />
              </SequencePoints>
              <BranchPoints />
              <MethodPoint vc="3" upsid="0" p8:type="SequencePoint" ordinal="39" offset="39" sc="0" sl="221" ec="1" el="223" bec="0" bev="0" fileid="1" xmlns:p8="xsi" />
            </Method>
            <Method cyclomaticComplexity="0" nPathComplexity="0" sequenceCoverage="1" branchCoverage="0" isConstructor="False" isGetter="False" isSetter="False" isStatic="True">
              <Summary numSequencePoints="3" visitedSequencePoints="3" numBranchPoints="0" visitedBranchPoints="0" sequenceCoverage="1" branchCoverage="0" maxCyclomaticComplexity="0" minCyclomaticComplexity="0" visitedClasses="0" numClasses="0" visitedMethods="1" numMethods="1" />
              <MetadataToken />
              <Name>System.Single ArgValidation.Arg::Negative(System.Linq.Expressions.Expression`1&lt;System.Func`1&lt;System.Single&gt;&gt;)</Name>
              <FileRef uid="1" />
              <SequencePoints>
                <SequencePoint vc="13" upsid="226" ordinal="0" sl="226" sc="1" el="226" ec="2" bec="0" bev="0" fileid="1" />
                <SequencePoint vc="13" upsid="227" ordinal="1" sl="227" sc="1" el="227" ec="2" bec="0" bev="0" fileid="1" />
                <SequencePoint vc="6" upsid="228" ordinal="2" sl="228" sc="1" el="228" ec="2" bec="0" bev="0" fileid="1" />
              </SequencePoints>
              <BranchPoints />
              <MethodPoint vc="3" upsid="0" p8:type="SequencePoint" ordinal="40" offset="40" sc="0" sl="226" ec="1" el="228" bec="0" bev="0" fileid="1" xmlns:p8="xsi" />
            </Method>
            <Method cyclomaticComplexity="0" nPathComplexity="0" sequenceCoverage="1" branchCoverage="0" isConstructor="False" isGetter="False" isSetter="False" isStatic="True">
              <Summary numSequencePoints="3" visitedSequencePoints="3" numBranchPoints="0" visitedBranchPoints="0" sequenceCoverage="1" branchCoverage="0" maxCyclomaticComplexity="0" minCyclomaticComplexity="0" visitedClasses="0" numClasses="0" visitedMethods="1" numMethods="1" />
              <MetadataToken />
              <Name>System.Single ArgValidation.Arg::Negative(System.Single,System.String)</Name>
              <FileRef uid="1" />
              <SequencePoints>
                <SequencePoint vc="13" upsid="231" ordinal="0" sl="231" sc="1" el="231" ec="2" bec="0" bev="0" fileid="1" />
                <SequencePoint vc="13" upsid="232" ordinal="1" sl="232" sc="1" el="232" ec="2" bec="0" bev="0" fileid="1" />
                <SequencePoint vc="6" upsid="233" ordinal="2" sl="233" sc="1" el="233" ec="2" bec="0" bev="0" fileid="1" />
              </SequencePoints>
              <BranchPoints />
              <MethodPoint vc="3" upsid="0" p8:type="SequencePoint" ordinal="41" offset="41" sc="0" sl="231" ec="1" el="233" bec="0" bev="0" fileid="1" xmlns:p8="xsi" />
            </Method>
            <Method cyclomaticComplexity="0" nPathComplexity="0" sequenceCoverage="1" branchCoverage="0" isConstructor="False" isGetter="False" isSetter="False" isStatic="True">
              <Summary numSequencePoints="3" visitedSequencePoints="3" numBranchPoints="0" visitedBranchPoints="0" sequenceCoverage="1" branchCoverage="0" maxCyclomaticComplexity="0" minCyclomaticComplexity="0" visitedClasses="0" numClasses="0" visitedMethods="1" numMethods="1" />
              <MetadataToken />
              <Name>System.Int32 ArgValidation.Arg::NegativeOrZero(System.Linq.Expressions.Expression`1&lt;System.Func`1&lt;System.Int32&gt;&gt;)</Name>
              <FileRef uid="1" />
              <SequencePoints>
                <SequencePoint vc="13" upsid="239" ordinal="0" sl="239" sc="1" el="239" ec="2" bec="0" bev="0" fileid="1" />
                <SequencePoint vc="13" upsid="240" ordinal="1" sl="240" sc="1" el="240" ec="2" bec="0" bev="0" fileid="1" />
                <SequencePoint vc="7" upsid="241" ordinal="2" sl="241" sc="1" el="241" ec="2" bec="0" bev="0" fileid="1" />
              </SequencePoints>
              <BranchPoints />
              <MethodPoint vc="3" upsid="0" p8:type="SequencePoint" ordinal="42" offset="42" sc="0" sl="239" ec="1" el="241" bec="0" bev="0" fileid="1" xmlns:p8="xsi" />
            </Method>
            <Method cyclomaticComplexity="0" nPathComplexity="0" sequenceCoverage="1" branchCoverage="0" isConstructor="False" isGetter="False" isSetter="False" isStatic="True">
              <Summary numSequencePoints="3" visitedSequencePoints="3" numBranchPoints="0" visitedBranchPoints="0" sequenceCoverage="1" branchCoverage="0" maxCyclomaticComplexity="0" minCyclomaticComplexity="0" visitedClasses="0" numClasses="0" visitedMethods="1" numMethods="1" />
              <MetadataToken />
              <Name>System.Int32 ArgValidation.Arg::NegativeOrZero(System.Int32,System.String)</Name>
              <FileRef uid="1" />
              <SequencePoints>
                <SequencePoint vc="13" upsid="244" ordinal="0" sl="244" sc="1" el="244" ec="2" bec="0" bev="0" fileid="1" />
                <SequencePoint vc="13" upsid="245" ordinal="1" sl="245" sc="1" el="245" ec="2" bec="0" bev="0" fileid="1" />
                <SequencePoint vc="7" upsid="246" ordinal="2" sl="246" sc="1" el="246" ec="2" bec="0" bev="0" fileid="1" />
              </SequencePoints>
              <BranchPoints />
              <MethodPoint vc="3" upsid="0" p8:type="SequencePoint" ordinal="43" offset="43" sc="0" sl="244" ec="1" el="246" bec="0" bev="0" fileid="1" xmlns:p8="xsi" />
            </Method>
            <Method cyclomaticComplexity="0" nPathComplexity="0" sequenceCoverage="1" branchCoverage="0" isConstructor="False" isGetter="False" isSetter="False" isStatic="True">
              <Summary numSequencePoints="3" visitedSequencePoints="3" numBranchPoints="0" visitedBranchPoints="0" sequenceCoverage="1" branchCoverage="0" maxCyclomaticComplexity="0" minCyclomaticComplexity="0" visitedClasses="0" numClasses="0" visitedMethods="1" numMethods="1" />
              <MetadataToken />
              <Name>System.Decimal ArgValidation.Arg::NegativeOrZero(System.Linq.Expressions.Expression`1&lt;System.Func`1&lt;System.Decimal&gt;&gt;)</Name>
              <FileRef uid="1" />
              <SequencePoints>
                <SequencePoint vc="13" upsid="249" ordinal="0" sl="249" sc="1" el="249" ec="2" bec="0" bev="0" fileid="1" />
                <SequencePoint vc="13" upsid="250" ordinal="1" sl="250" sc="1" el="250" ec="2" bec="0" bev="0" fileid="1" />
                <SequencePoint vc="7" upsid="251" ordinal="2" sl="251" sc="1" el="251" ec="2" bec="0" bev="0" fileid="1" />
              </SequencePoints>
              <BranchPoints />
              <MethodPoint vc="3" upsid="0" p8:type="SequencePoint" ordinal="44" offset="44" sc="0" sl="249" ec="1" el="251" bec="0" bev="0" fileid="1" xmlns:p8="xsi" />
            </Method>
            <Method cyclomaticComplexity="0" nPathComplexity="0" sequenceCoverage="1" branchCoverage="0" isConstructor="False" isGetter="False" isSetter="False" isStatic="True">
              <Summary numSequencePoints="3" visitedSequencePoints="3" numBranchPoints="0" visitedBranchPoints="0" sequenceCoverage="1" branchCoverage="0" maxCyclomaticComplexity="0" minCyclomaticComplexity="0" visitedClasses="0" numClasses="0" visitedMethods="1" numMethods="1" />
              <MetadataToken />
              <Name>System.Decimal ArgValidation.Arg::NegativeOrZero(System.Decimal,System.String)</Name>
              <FileRef uid="1" />
              <SequencePoints>
                <SequencePoint vc="13" upsid="254" ordinal="0" sl="254" sc="1" el="254" ec="2" bec="0" bev="0" fileid="1" />
                <SequencePoint vc="13" upsid="255" ordinal="1" sl="255" sc="1" el="255" ec="2" bec="0" bev="0" fileid="1" />
                <SequencePoint vc="7" upsid="256" ordinal="2" sl="256" sc="1" el="256" ec="2" bec="0" bev="0" fileid="1" />
              </SequencePoints>
              <BranchPoints />
              <MethodPoint vc="3" upsid="0" p8:type="SequencePoint" ordinal="45" offset="45" sc="0" sl="254" ec="1" el="256" bec="0" bev="0" fileid="1" xmlns:p8="xsi" />
            </Method>
            <Method cyclomaticComplexity="0" nPathComplexity="0" sequenceCoverage="1" branchCoverage="0" isConstructor="False" isGetter="False" isSetter="False" isStatic="True">
              <Summary numSequencePoints="3" visitedSequencePoints="3" numBranchPoints="0" visitedBranchPoints="0" sequenceCoverage="1" branchCoverage="0" maxCyclomaticComplexity="0" minCyclomaticComplexity="0" visitedClasses="0" numClasses="0" visitedMethods="1" numMethods="1" />
              <MetadataToken />
              <Name>System.Double ArgValidation.Arg::NegativeOrZero(System.Linq.Expressions.Expression`1&lt;System.Func`1&lt;System.Double&gt;&gt;)</Name>
              <FileRef uid="1" />
              <SequencePoints>
                <SequencePoint vc="13" upsid="259" ordinal="0" sl="259" sc="1" el="259" ec="2" bec="0" bev="0" fileid="1" />
                <SequencePoint vc="13" upsid="260" ordinal="1" sl="260" sc="1" el="260" ec="2" bec="0" bev="0" fileid="1" />
                <SequencePoint vc="7" upsid="261" ordinal="2" sl="261" sc="1" el="261" ec="2" bec="0" bev="0" fileid="1" />
              </SequencePoints>
              <BranchPoints />
              <MethodPoint vc="3" upsid="0" p8:type="SequencePoint" ordinal="46" offset="46" sc="0" sl="259" ec="1" el="261" bec="0" bev="0" fileid="1" xmlns:p8="xsi" />
            </Method>
            <Method cyclomaticComplexity="0" nPathComplexity="0" sequenceCoverage="1" branchCoverage="0" isConstructor="False" isGetter="False" isSetter="False" isStatic="True">
              <Summary numSequencePoints="3" visitedSequencePoints="3" numBranchPoints="0" visitedBranchPoints="0" sequenceCoverage="1" branchCoverage="0" maxCyclomaticComplexity="0" minCyclomaticComplexity="0" visitedClasses="0" numClasses="0" visitedMethods="1" numMethods="1" />
              <MetadataToken />
              <Name>System.Double ArgValidation.Arg::NegativeOrZero(System.Double,System.String)</Name>
              <FileRef uid="1" />
              <SequencePoints>
                <SequencePoint vc="13" upsid="264" ordinal="0" sl="264" sc="1" el="264" ec="2" bec="0" bev="0" fileid="1" />
                <SequencePoint vc="13" upsid="265" ordinal="1" sl="265" sc="1" el="265" ec="2" bec="0" bev="0" fileid="1" />
                <SequencePoint vc="7" upsid="266" ordinal="2" sl="266" sc="1" el="266" ec="2" bec="0" bev="0" fileid="1" />
              </SequencePoints>
              <BranchPoints />
              <MethodPoint vc="3" upsid="0" p8:type="SequencePoint" ordinal="47" offset="47" sc="0" sl="264" ec="1" el="266" bec="0" bev="0" fileid="1" xmlns:p8="xsi" />
            </Method>
            <Method cyclomaticComplexity="0" nPathComplexity="0" sequenceCoverage="1" branchCoverage="0" isConstructor="False" isGetter="False" isSetter="False" isStatic="True">
              <Summary numSequencePoints="3" visitedSequencePoints="3" numBranchPoints="0" visitedBranchPoints="0" sequenceCoverage="1" branchCoverage="0" maxCyclomaticComplexity="0" minCyclomaticComplexity="0" visitedClasses="0" numClasses="0" visitedMethods="1" numMethods="1" />
              <MetadataToken />
              <Name>System.Single ArgValidation.Arg::NegativeOrZero(System.Linq.Expressions.Expression`1&lt;System.Func`1&lt;System.Single&gt;&gt;)</Name>
              <FileRef uid="1" />
              <SequencePoints>
                <SequencePoint vc="13" upsid="269" ordinal="0" sl="269" sc="1" el="269" ec="2" bec="0" bev="0" fileid="1" />
                <SequencePoint vc="13" upsid="270" ordinal="1" sl="270" sc="1" el="270" ec="2" bec="0" bev="0" fileid="1" />
                <SequencePoint vc="7" upsid="271" ordinal="2" sl="271" sc="1" el="271" ec="2" bec="0" bev="0" fileid="1" />
              </SequencePoints>
              <BranchPoints />
              <MethodPoint vc="3" upsid="0" p8:type="SequencePoint" ordinal="48" offset="48" sc="0" sl="269" ec="1" el="271" bec="0" bev="0" fileid="1" xmlns:p8="xsi" />
            </Method>
            <Method cyclomaticComplexity="0" nPathComplexity="0" sequenceCoverage="1" branchCoverage="0" isConstructor="False" isGetter="False" isSetter="False" isStatic="True">
              <Summary numSequencePoints="3" visitedSequencePoints="3" numBranchPoints="0" visitedBranchPoints="0" sequenceCoverage="1" branchCoverage="0" maxCyclomaticComplexity="0" minCyclomaticComplexity="0" visitedClasses="0" numClasses="0" visitedMethods="1" numMethods="1" />
              <MetadataToken />
              <Name>System.Single ArgValidation.Arg::NegativeOrZero(System.Single,System.String)</Name>
              <FileRef uid="1" />
              <SequencePoints>
                <SequencePoint vc="13" upsid="274" ordinal="0" sl="274" sc="1" el="274" ec="2" bec="0" bev="0" fileid="1" />
                <SequencePoint vc="13" upsid="275" ordinal="1" sl="275" sc="1" el="275" ec="2" bec="0" bev="0" fileid="1" />
                <SequencePoint vc="7" upsid="276" ordinal="2" sl="276" sc="1" el="276" ec="2" bec="0" bev="0" fileid="1" />
              </SequencePoints>
              <BranchPoints />
              <MethodPoint vc="3" upsid="0" p8:type="SequencePoint" ordinal="49" offset="49" sc="0" sl="274" ec="1" el="276" bec="0" bev="0" fileid="1" xmlns:p8="xsi" />
            </Method>
            <Method cyclomaticComplexity="0" nPathComplexity="0" sequenceCoverage="1" branchCoverage="0" isConstructor="False" isGetter="False" isSetter="False" isStatic="True">
              <Summary numSequencePoints="3" visitedSequencePoints="3" numBranchPoints="0" visitedBranchPoints="0" sequenceCoverage="1" branchCoverage="0" maxCyclomaticComplexity="0" minCyclomaticComplexity="0" visitedClasses="0" numClasses="0" visitedMethods="1" numMethods="1" />
              <MetadataToken />
              <Name>System.Int32 ArgValidation.Arg::Zero(System.Linq.Expressions.Expression`1&lt;System.Func`1&lt;System.Int32&gt;&gt;)</Name>
              <FileRef uid="1" />
              <SequencePoints>
                <SequencePoint vc="13" upsid="281" ordinal="0" sl="281" sc="1" el="281" ec="2" bec="0" bev="0" fileid="1" />
                <SequencePoint vc="13" upsid="282" ordinal="1" sl="282" sc="1" el="282" ec="2" bec="0" bev="0" fileid="1" />
                <SequencePoint vc="1" upsid="283" ordinal="2" sl="283" sc="1" el="283" ec="2" bec="0" bev="0" fileid="1" />
              </SequencePoints>
              <BranchPoints />
              <MethodPoint vc="3" upsid="0" p8:type="SequencePoint" ordinal="50" offset="50" sc="0" sl="281" ec="1" el="283" bec="0" bev="0" fileid="1" xmlns:p8="xsi" />
            </Method>
            <Method cyclomaticComplexity="0" nPathComplexity="0" sequenceCoverage="1" branchCoverage="0" isConstructor="False" isGetter="False" isSetter="False" isStatic="True">
              <Summary numSequencePoints="3" visitedSequencePoints="3" numBranchPoints="0" visitedBranchPoints="0" sequenceCoverage="1" branchCoverage="0" maxCyclomaticComplexity="0" minCyclomaticComplexity="0" visitedClasses="0" numClasses="0" visitedMethods="1" numMethods="1" />
              <MetadataToken />
              <Name>System.Int32 ArgValidation.Arg::Zero(System.Int32,System.String)</Name>
              <FileRef uid="1" />
              <SequencePoints>
                <SequencePoint vc="13" upsid="286" ordinal="0" sl="286" sc="1" el="286" ec="2" bec="0" bev="0" fileid="1" />
                <SequencePoint vc="13" upsid="287" ordinal="1" sl="287" sc="1" el="287" ec="2" bec="0" bev="0" fileid="1" />
                <SequencePoint vc="1" upsid="288" ordinal="2" sl="288" sc="1" el="288" ec="2" bec="0" bev="0" fileid="1" />
              </SequencePoints>
              <BranchPoints />
              <MethodPoint vc="3" upsid="0" p8:type="SequencePoint" ordinal="51" offset="51" sc="0" sl="286" ec="1" el="288" bec="0" bev="0" fileid="1" xmlns:p8="xsi" />
            </Method>
            <Method cyclomaticComplexity="0" nPathComplexity="0" sequenceCoverage="1" branchCoverage="0" isConstructor="False" isGetter="False" isSetter="False" isStatic="True">
              <Summary numSequencePoints="3" visitedSequencePoints="3" numBranchPoints="0" visitedBranchPoints="0" sequenceCoverage="1" branchCoverage="0" maxCyclomaticComplexity="0" minCyclomaticComplexity="0" visitedClasses="0" numClasses="0" visitedMethods="1" numMethods="1" />
              <MetadataToken />
              <Name>System.Decimal ArgValidation.Arg::Zero(System.Linq.Expressions.Expression`1&lt;System.Func`1&lt;System.Decimal&gt;&gt;)</Name>
              <FileRef uid="1" />
              <SequencePoints>
                <SequencePoint vc="13" upsid="291" ordinal="0" sl="291" sc="1" el="291" ec="2" bec="0" bev="0" fileid="1" />
                <SequencePoint vc="13" upsid="292" ordinal="1" sl="292" sc="1" el="292" ec="2" bec="0" bev="0" fileid="1" />
                <SequencePoint vc="1" upsid="293" ordinal="2" sl="293" sc="1" el="293" ec="2" bec="0" bev="0" fileid="1" />
              </SequencePoints>
              <BranchPoints />
              <MethodPoint vc="3" upsid="0" p8:type="SequencePoint" ordinal="52" offset="52" sc="0" sl="291" ec="1" el="293" bec="0" bev="0" fileid="1" xmlns:p8="xsi" />
            </Method>
            <Method cyclomaticComplexity="0" nPathComplexity="0" sequenceCoverage="1" branchCoverage="0" isConstructor="False" isGetter="False" isSetter="False" isStatic="True">
              <Summary numSequencePoints="3" visitedSequencePoints="3" numBranchPoints="0" visitedBranchPoints="0" sequenceCoverage="1" branchCoverage="0" maxCyclomaticComplexity="0" minCyclomaticComplexity="0" visitedClasses="0" numClasses="0" visitedMethods="1" numMethods="1" />
              <MetadataToken />
              <Name>System.Decimal ArgValidation.Arg::Zero(System.Decimal,System.String)</Name>
              <FileRef uid="1" />
              <SequencePoints>
                <SequencePoint vc="13" upsid="296" ordinal="0" sl="296" sc="1" el="296" ec="2" bec="0" bev="0" fileid="1" />
                <SequencePoint vc="13" upsid="297" ordinal="1" sl="297" sc="1" el="297" ec="2" bec="0" bev="0" fileid="1" />
                <SequencePoint vc="1" upsid="298" ordinal="2" sl="298" sc="1" el="298" ec="2" bec="0" bev="0" fileid="1" />
              </SequencePoints>
              <BranchPoints />
              <MethodPoint vc="3" upsid="0" p8:type="SequencePoint" ordinal="53" offset="53" sc="0" sl="296" ec="1" el="298" bec="0" bev="0" fileid="1" xmlns:p8="xsi" />
            </Method>
            <Method cyclomaticComplexity="0" nPathComplexity="0" sequenceCoverage="1" branchCoverage="0" isConstructor="False" isGetter="False" isSetter="False" isStatic="True">
              <Summary numSequencePoints="3" visitedSequencePoints="3" numBranchPoints="0" visitedBranchPoints="0" sequenceCoverage="1" branchCoverage="0" maxCyclomaticComplexity="0" minCyclomaticComplexity="0" visitedClasses="0" numClasses="0" visitedMethods="1" numMethods="1" />
              <MetadataToken />
              <Name>System.Double ArgValidation.Arg::Zero(System.Linq.Expressions.Expression`1&lt;System.Func`1&lt;System.Double&gt;&gt;)</Name>
              <FileRef uid="1" />
              <SequencePoints>
                <SequencePoint vc="13" upsid="301" ordinal="0" sl="301" sc="1" el="301" ec="2" bec="0" bev="0" fileid="1" />
                <SequencePoint vc="13" upsid="302" ordinal="1" sl="302" sc="1" el="302" ec="2" bec="0" bev="0" fileid="1" />
                <SequencePoint vc="1" upsid="303" ordinal="2" sl="303" sc="1" el="303" ec="2" bec="0" bev="0" fileid="1" />
              </SequencePoints>
              <BranchPoints />
              <MethodPoint vc="3" upsid="0" p8:type="SequencePoint" ordinal="54" offset="54" sc="0" sl="301" ec="1" el="303" bec="0" bev="0" fileid="1" xmlns:p8="xsi" />
            </Method>
            <Method cyclomaticComplexity="0" nPathComplexity="0" sequenceCoverage="1" branchCoverage="0" isConstructor="False" isGetter="False" isSetter="False" isStatic="True">
              <Summary numSequencePoints="3" visitedSequencePoints="3" numBranchPoints="0" visitedBranchPoints="0" sequenceCoverage="1" branchCoverage="0" maxCyclomaticComplexity="0" minCyclomaticComplexity="0" visitedClasses="0" numClasses="0" visitedMethods="1" numMethods="1" />
              <MetadataToken />
              <Name>System.Double ArgValidation.Arg::Zero(System.Double,System.String)</Name>
              <FileRef uid="1" />
              <SequencePoints>
                <SequencePoint vc="13" upsid="306" ordinal="0" sl="306" sc="1" el="306" ec="2" bec="0" bev="0" fileid="1" />
                <SequencePoint vc="13" upsid="307" ordinal="1" sl="307" sc="1" el="307" ec="2" bec="0" bev="0" fileid="1" />
                <SequencePoint vc="1" upsid="308" ordinal="2" sl="308" sc="1" el="308" ec="2" bec="0" bev="0" fileid="1" />
              </SequencePoints>
              <BranchPoints />
              <MethodPoint vc="3" upsid="0" p8:type="SequencePoint" ordinal="55" offset="55" sc="0" sl="306" ec="1" el="308" bec="0" bev="0" fileid="1" xmlns:p8="xsi" />
            </Method>
            <Method cyclomaticComplexity="0" nPathComplexity="0" sequenceCoverage="1" branchCoverage="0" isConstructor="False" isGetter="False" isSetter="False" isStatic="True">
              <Summary numSequencePoints="3" visitedSequencePoints="3" numBranchPoints="0" visitedBranchPoints="0" sequenceCoverage="1" branchCoverage="0" maxCyclomaticComplexity="0" minCyclomaticComplexity="0" visitedClasses="0" numClasses="0" visitedMethods="1" numMethods="1" />
              <MetadataToken />
              <Name>System.Single ArgValidation.Arg::Zero(System.Linq.Expressions.Expression`1&lt;System.Func`1&lt;System.Single&gt;&gt;)</Name>
              <FileRef uid="1" />
              <SequencePoints>
                <SequencePoint vc="13" upsid="311" ordinal="0" sl="311" sc="1" el="311" ec="2" bec="0" bev="0" fileid="1" />
                <SequencePoint vc="13" upsid="312" ordinal="1" sl="312" sc="1" el="312" ec="2" bec="0" bev="0" fileid="1" />
                <SequencePoint vc="1" upsid="313" ordinal="2" sl="313" sc="1" el="313" ec="2" bec="0" bev="0" fileid="1" />
              </SequencePoints>
              <BranchPoints />
              <MethodPoint vc="3" upsid="0" p8:type="SequencePoint" ordinal="56" offset="56" sc="0" sl="311" ec="1" el="313" bec="0" bev="0" fileid="1" xmlns:p8="xsi" />
            </Method>
            <Method cyclomaticComplexity="0" nPathComplexity="0" sequenceCoverage="1" branchCoverage="0" isConstructor="False" isGetter="False" isSetter="False" isStatic="True">
              <Summary numSequencePoints="3" visitedSequencePoints="3" numBranchPoints="0" visitedBranchPoints="0" sequenceCoverage="1" branchCoverage="0" maxCyclomaticComplexity="0" minCyclomaticComplexity="0" visitedClasses="0" numClasses="0" visitedMethods="1" numMethods="1" />
              <MetadataToken />
              <Name>System.Single ArgValidation.Arg::Zero(System.Single,System.String)</Name>
              <FileRef uid="1" />
              <SequencePoints>
                <SequencePoint vc="13" upsid="316" ordinal="0" sl="316" sc="1" el="316" ec="2" bec="0" bev="0" fileid="1" />
                <SequencePoint vc="13" upsid="317" ordinal="1" sl="317" sc="1" el="317" ec="2" bec="0" bev="0" fileid="1" />
                <SequencePoint vc="1" upsid="318" ordinal="2" sl="318" sc="1" el="318" ec="2" bec="0" bev="0" fileid="1" />
              </SequencePoints>
              <BranchPoints />
              <MethodPoint vc="3" upsid="0" p8:type="SequencePoint" ordinal="57" offset="57" sc="0" sl="316" ec="1" el="318" bec="0" bev="0" fileid="1" xmlns:p8="xsi" />
            </Method>
            <Method cyclomaticComplexity="0" nPathComplexity="0" sequenceCoverage="1" branchCoverage="0" isConstructor="False" isGetter="False" isSetter="False" isStatic="True">
              <Summary numSequencePoints="3" visitedSequencePoints="3" numBranchPoints="0" visitedBranchPoints="0" sequenceCoverage="1" branchCoverage="0" maxCyclomaticComplexity="0" minCyclomaticComplexity="0" visitedClasses="0" numClasses="0" visitedMethods="1" numMethods="1" />
              <MetadataToken />
              <Name>System.Int32 ArgValidation.Arg::NotZero(System.Linq.Expressions.Expression`1&lt;System.Func`1&lt;System.Int32&gt;&gt;)</Name>
              <FileRef uid="1" />
              <SequencePoints>
                <SequencePoint vc="13" upsid="323" ordinal="0" sl="323" sc="1" el="323" ec="2" bec="0" bev="0" fileid="1" />
                <SequencePoint vc="13" upsid="324" ordinal="1" sl="324" sc="1" el="324" ec="2" bec="0" bev="0" fileid="1" />
                <SequencePoint vc="12" upsid="325" ordinal="2" sl="325" sc="1" el="325" ec="2" bec="0" bev="0" fileid="1" />
              </SequencePoints>
              <BranchPoints />
[...]
                <BranchPoint vc="612" upsid="10" ordinal="1" path="1" offset="12" offsetend="36" sl="10" fileid="15" />
              </BranchPoints>
              <MethodPoint vc="4" upsid="0" p8:type="SequencePoint" ordinal="0" offset="0" sc="0" sl="9" ec="1" el="12" bec="0" bev="0" fileid="15" xmlns:p8="xsi" />
            </Method>
            <Method cyclomaticComplexity="0" nPathComplexity="0" sequenceCoverage="1" branchCoverage="1" isConstructor="False" isGetter="False" isSetter="False" isStatic="True">
              <Summary numSequencePoints="4" visitedSequencePoints="4" numBranchPoints="2" visitedBranchPoints="2" sequenceCoverage="1" branchCoverage="1" maxCyclomaticComplexity="0" minCyclomaticComplexity="0" visitedClasses="0" numClasses="0" visitedMethods="1" numMethods="1" />
              <MetadataToken />
              <Name>System.Void ArgValidation.Internal.ExceptionThrowers.InvalidMethodArgumentThrower::IfNullForComparable(ArgValidation.Argument`1&lt;T&gt;)</Name>
              <FileRef uid="15" />
              <SequencePoints>
                <SequencePoint vc="612" upsid="15" ordinal="0" sl="15" sc="1" el="15" ec="2" bec="0" bev="0" fileid="15" />
                <SequencePoint vc="612" upsid="16" ordinal="1" sl="16" sc="1" el="16" ec="2" bec="0" bev="0" fileid="15" />
                <SequencePoint vc="2" upsid="17" ordinal="2" sl="17" sc="1" el="17" ec="2" bec="0" bev="0" fileid="15" />
                <SequencePoint vc="610" upsid="18" ordinal="3" sl="18" sc="1" el="18" ec="2" bec="0" bev="0" fileid="15" />
              </SequencePoints>
              <BranchPoints>
                <BranchPoint vc="2" upsid="16" ordinal="0" path="0" offset="18" offsetend="20" sl="16" fileid="15" />
                <BranchPoint vc="610" upsid="16" ordinal="1" path="1" offset="18" offsetend="48" sl="16" fileid="15" />
              </BranchPoints>
              <MethodPoint vc="4" upsid="0" p8:type="SequencePoint" ordinal="1" offset="1" sc="0" sl="15" ec="1" el="18" bec="0" bev="0" fileid="15" xmlns:p8="xsi" />
            </Method>
            <Method cyclomaticComplexity="0" nPathComplexity="0" sequenceCoverage="0,75" branchCoverage="0,5" isConstructor="False" isGetter="False" isSetter="False" isStatic="True">
              <Summary numSequencePoints="4" visitedSequencePoints="3" numBranchPoints="2" visitedBranchPoints="1" sequenceCoverage="0,75" branchCoverage="0,5" maxCyclomaticComplexity="0" minCyclomaticComplexity="0" visitedClasses="0" numClasses="0" visitedMethods="1" numMethods="1" />
              <MetadataToken />
              <Name>System.Void ArgValidation.Internal.ExceptionThrowers.InvalidMethodArgumentThrower::IfArgumentIsNullForRange(T,System.String)</Name>
              <FileRef uid="15" />
              <SequencePoints>
                <SequencePoint vc="12" upsid="21" ordinal="0" sl="21" sc="1" el="21" ec="2" bec="0" bev="0" fileid="15" />
                <SequencePoint vc="12" upsid="22" ordinal="1" sl="22" sc="1" el="22" ec="2" bec="0" bev="0" fileid="15" />
                <SequencePoint vc="0" upsid="23" ordinal="2" sl="23" sc="1" el="23" ec="2" bec="0" bev="0" fileid="15" />
                <SequencePoint vc="12" upsid="24" ordinal="3" sl="24" sc="1" el="24" ec="2" bec="0" bev="0" fileid="15" />
              </SequencePoints>
              <BranchPoints>
                <BranchPoint vc="0" upsid="22" ordinal="0" path="0" offset="12" offsetend="14" sl="22" fileid="15" />
                <BranchPoint vc="12" upsid="22" ordinal="1" path="1" offset="12" offsetend="36" sl="22" fileid="15" />
              </BranchPoints>
              <MethodPoint vc="3" upsid="0" p8:type="SequencePoint" ordinal="2" offset="2" sc="0" sl="21" ec="1" el="24" bec="0" bev="0" fileid="15" xmlns:p8="xsi" />
            </Method>
            <Method cyclomaticComplexity="0" nPathComplexity="0" sequenceCoverage="0,6" branchCoverage="0,5" isConstructor="False" isGetter="False" isSetter="False" isStatic="True">
              <Summary numSequencePoints="5" visitedSequencePoints="3" numBranchPoints="2" visitedBranchPoints="1" sequenceCoverage="0,6" branchCoverage="0,5" maxCyclomaticComplexity="0" minCyclomaticComplexity="0" visitedClasses="0" numClasses="0" visitedMethods="1" numMethods="1" />
              <MetadataToken />
              <Name>System.Void ArgValidation.Internal.ExceptionThrowers.InvalidMethodArgumentThrower::IfNullForRange(ArgValidation.Argument`1&lt;T&gt;,T,T)</Name>
              <FileRef uid="15" />
              <SequencePoints>
                <SequencePoint vc="6" upsid="27" ordinal="0" sl="27" sc="1" el="27" ec="2" bec="0" bev="0" fileid="15" />
                <SequencePoint vc="6" upsid="28" ordinal="1" sl="28" sc="1" el="28" ec="2" bec="0" bev="0" fileid="15" />
                <SequencePoint vc="0" upsid="29" ordinal="2" sl="29" sc="1" el="29" ec="2" bec="0" bev="0" fileid="15" />
                <SequencePoint vc="0" upsid="30" ordinal="3" sl="30" sc="1" el="30" ec="2" bec="0" bev="0" fileid="15" />
                <SequencePoint vc="6" upsid="31" ordinal="4" sl="31" sc="1" el="31" ec="2" bec="0" bev="0" fileid="15" />
              </SequencePoints>
              <BranchPoints>
                <BranchPoint vc="0" upsid="28" ordinal="0" path="0" offset="18" offsetend="20" sl="28" fileid="15" />
                <BranchPoint vc="6" upsid="28" ordinal="1" path="1" offset="18" offsetend="55" sl="28" fileid="15" />
              </BranchPoints>
              <MethodPoint vc="3" upsid="0" p8:type="SequencePoint" ordinal="3" offset="3" sc="0" sl="27" ec="1" el="31" bec="0" bev="0" fileid="15" xmlns:p8="xsi" />
            </Method>
            <Method cyclomaticComplexity="0" nPathComplexity="0" sequenceCoverage="1" branchCoverage="1" isConstructor="False" isGetter="False" isSetter="False" isStatic="True">
              <Summary numSequencePoints="4" visitedSequencePoints="4" numBranchPoints="2" visitedBranchPoints="2" sequenceCoverage="1" branchCoverage="1" maxCyclomaticComplexity="0" minCyclomaticComplexity="0" visitedClasses="0" numClasses="0" visitedMethods="1" numMethods="1" />
              <MetadataToken />
              <Name>System.Void ArgValidation.Internal.ExceptionThrowers.InvalidMethodArgumentThrower::IfNotRange(T,T)</Name>
              <FileRef uid="15" />
              <SequencePoints>
                <SequencePoint vc="12" upsid="34" ordinal="0" sl="34" sc="1" el="34" ec="2" bec="0" bev="0" fileid="15" />
                <SequencePoint vc="12" upsid="35" ordinal="1" sl="35" sc="1" el="35" ec="2" bec="0" bev="0" fileid="15" />
                <SequencePoint vc="2" upsid="36" ordinal="2" sl="36" sc="1" el="36" ec="2" bec="0" bev="0" fileid="15" />
                <SequencePoint vc="10" upsid="37" ordinal="3" sl="37" sc="1" el="37" ec="2" bec="0" bev="0" fileid="15" />
              </SequencePoints>
              <BranchPoints>
                <BranchPoint vc="2" upsid="35" ordinal="0" path="0" offset="13" offsetend="15" sl="35" fileid="15" />
                <BranchPoint vc="10" upsid="35" ordinal="1" path="1" offset="13" offsetend="26" sl="35" fileid="15" />
              </BranchPoints>
              <MethodPoint vc="4" upsid="0" p8:type="SequencePoint" ordinal="4" offset="4" sc="0" sl="34" ec="1" el="37" bec="0" bev="0" fileid="15" xmlns:p8="xsi" />
            </Method>
            <Method cyclomaticComplexity="0" nPathComplexity="0" sequenceCoverage="1" branchCoverage="1" isConstructor="False" isGetter="False" isSetter="False" isStatic="True">
              <Summary numSequencePoints="4" visitedSequencePoints="4" numBranchPoints="2" visitedBranchPoints="2" sequenceCoverage="1" branchCoverage="1" maxCyclomaticComplexity="0" minCyclomaticComplexity="0" visitedClasses="0" numClasses="0" visitedMethods="1" numMethods="1" />
              <MetadataToken />
              <Name>System.Void ArgValidation.Internal.ExceptionThrowers.InvalidMethodArgumentThrower::IfArgumentIsNullForOnlyValues(T[],System.String)</Name>
              <FileRef uid="15" />
              <SequencePoints>
                <SequencePoint vc="4" upsid="40" ordinal="0" sl="40" sc="1" el="40" ec="2" bec="0" bev="0" fileid="15" />
                <SequencePoint vc="4" upsid="41" ordinal="1" sl="41" sc="1" el="41" ec="2" bec="0" bev="0" fileid="15" />
                <SequencePoint vc="1" upsid="42" ordinal="2" sl="42" sc="1" el="42" ec="2" bec="0" bev="0" fileid="15" />
                <SequencePoint vc="3" upsid="43" ordinal="3" sl="43" sc="1" el="43" ec="2" bec="0" bev="0" fileid="15" />
              </SequencePoints>
              <BranchPoints>
                <BranchPoint vc="1" upsid="41" ordinal="0" path="0" offset="7" offsetend="9" sl="41" fileid="15" />
                <BranchPoint vc="3" upsid="41" ordinal="1" path="1" offset="7" offsetend="31" sl="41" fileid="15" />
              </BranchPoints>
              <MethodPoint vc="4" upsid="0" p8:type="SequencePoint" ordinal="5" offset="5" sc="0" sl="40" ec="1" el="43" bec="0" bev="0" fileid="15" xmlns:p8="xsi" />
            </Method>
            <Method cyclomaticComplexity="0" nPathComplexity="0" sequenceCoverage="1" branchCoverage="1" isConstructor="False" isGetter="False" isSetter="False" isStatic="True">
              <Summary numSequencePoints="5" visitedSequencePoints="5" numBranchPoints="2" visitedBranchPoints="2" sequenceCoverage="1" branchCoverage="1" maxCyclomaticComplexity="0" minCyclomaticComplexity="0" visitedClasses="0" numClasses="0" visitedMethods="1" numMethods="1" />
              <MetadataToken />
              <Name>System.Void ArgValidation.Internal.ExceptionThrowers.InvalidMethodArgumentThrower::IfNullForCount(ArgValidation.Argument`1&lt;T&gt;)</Name>
              <FileRef uid="15" />
              <SequencePoints>
                <SequencePoint vc="22" upsid="46" ordinal="0" sl="46" sc="1" el="46" ec="2" bec="0" bev="0" fileid="15" />
                <SequencePoint vc="22" upsid="47" ordinal="1" sl="47" sc="1" el="47" ec="2" bec="0" bev="0" fileid="15" />
                <SequencePoint vc="6" upsid="48" ordinal="2" sl="48" sc="1" el="48" ec="2" bec="0" bev="0" fileid="15" />
                <SequencePoint vc="6" upsid="49" ordinal="3" sl="49" sc="1" el="49" ec="2" bec="0" bev="0" fileid="15" />
                <SequencePoint vc="16" upsid="50" ordinal="4" sl="50" sc="1" el="50" ec="2" bec="0" bev="0" fileid="15" />
              </SequencePoints>
              <BranchPoints>
                <BranchPoint vc="6" upsid="47" ordinal="0" path="0" offset="18" offsetend="20" sl="47" fileid="15" />
                <BranchPoint vc="16" upsid="47" ordinal="1" path="1" offset="18" offsetend="48" sl="47" fileid="15" />
              </BranchPoints>
              <MethodPoint vc="5" upsid="0" p8:type="SequencePoint" ordinal="6" offset="6" sc="0" sl="46" ec="1" el="50" bec="0" bev="0" fileid="15" xmlns:p8="xsi" />
            </Method>
            <Method cyclomaticComplexity="0" nPathComplexity="0" sequenceCoverage="1" branchCoverage="1" isConstructor="False" isGetter="False" isSetter="False" isStatic="True">
              <Summary numSequencePoints="5" visitedSequencePoints="5" numBranchPoints="2" visitedBranchPoints="2" sequenceCoverage="1" branchCoverage="1" maxCyclomaticComplexity="0" minCyclomaticComplexity="0" visitedClasses="0" numClasses="0" visitedMethods="1" numMethods="1" />
              <MetadataToken />
              <Name>System.Void ArgValidation.Internal.ExceptionThrowers.InvalidMethodArgumentThrower::IfNullForContains(ArgValidation.Argument`1&lt;T&gt;)</Name>
              <FileRef uid="15" />
              <SequencePoints>
                <SequencePoint vc="5" upsid="53" ordinal="0" sl="53" sc="1" el="53" ec="2" bec="0" bev="0" fileid="15" />
                <SequencePoint vc="5" upsid="54" ordinal="1" sl="54" sc="1" el="54" ec="2" bec="0" bev="0" fileid="15" />
                <SequencePoint vc="1" upsid="55" ordinal="2" sl="55" sc="1" el="55" ec="2" bec="0" bev="0" fileid="15" />
                <SequencePoint vc="1" upsid="56" ordinal="3" sl="56" sc="1" el="56" ec="2" bec="0" bev="0" fileid="15" />
                <SequencePoint vc="4" upsid="57" ordinal="4" sl="57" sc="1" el="57" ec="2" bec="0" bev="0" fileid="15" />
              </SequencePoints>
              <BranchPoints>
                <BranchPoint vc="1" upsid="54" ordinal="0" path="0" offset="18" offsetend="20" sl="54" fileid="15" />
                <BranchPoint vc="4" upsid="54" ordinal="1" path="1" offset="18" offsetend="48" sl="54" fileid="15" />
              </BranchPoints>
              <MethodPoint vc="5" upsid="0" p8:type="SequencePoint" ordinal="7" offset="7" sc="0" sl="53" ec="1" el="57" bec="0" bev="0" fileid="15" xmlns:p8="xsi" />
            </Method>
            <Method cyclomaticComplexity="0" nPathComplexity="0" sequenceCoverage="1" branchCoverage="1" isConstructor="False" isGetter="False" isSetter="False" isStatic="True">
              <Summary numSequencePoints="5" visitedSequencePoints="5" numBranchPoints="2" visitedBranchPoints="2" sequenceCoverage="1" branchCoverage="1" maxCyclomaticComplexity="0" minCyclomaticComplexity="0" visitedClasses="0" numClasses="0" visitedMethods="1" numMethods="1" />
              <MetadataToken />
              <Name>System.Void ArgValidation.Internal.ExceptionThrowers.InvalidMethodArgumentThrower::IfNullForNotContains(ArgValidation.Argument`1&lt;T&gt;)</Name>
              <FileRef uid="15" />
              <SequencePoints>
                <SequencePoint vc="5" upsid="60" ordinal="0" sl="60" sc="1" el="60" ec="2" bec="0" bev="0" fileid="15" />
                <SequencePoint vc="5" upsid="61" ordinal="1" sl="61" sc="1" el="61" ec="2" bec="0" bev="0" fileid="15" />
                <SequencePoint vc="1" upsid="62" ordinal="2" sl="62" sc="1" el="62" ec="2" bec="0" bev="0" fileid="15" />
                <SequencePoint vc="1" upsid="63" ordinal="3" sl="63" sc="1" el="63" ec="2" bec="0" bev="0" fileid="15" />
                <SequencePoint vc="4" upsid="64" ordinal="4" sl="64" sc="1" el="64" ec="2" bec="0" bev="0" fileid="15" />
              </SequencePoints>
              <BranchPoints>
                <BranchPoint vc="1" upsid="61" ordinal="0" path="0" offset="18" offsetend="20" sl="61" fileid="15" />
                <BranchPoint vc="4" upsid="61" ordinal="1" path="1" offset="18" offsetend="48" sl="61" fileid="15" />
              </BranchPoints>
              <MethodPoint vc="5" upsid="0" p8:type="SequencePoint" ordinal="8" offset="8" sc="0" sl="60" ec="1" el="64" bec="0" bev="0" fileid="15" xmlns:p8="xsi" />
            </Method>
            <Method cyclomaticComplexity="0" nPathComplexity="0" sequenceCoverage="1" branchCoverage="0" isConstructor="False" isGetter="False" isSetter="False" isStatic="True">
              <Summary numSequencePoints="2" visitedSequencePoints="2" numBranchPoints="0" visitedBranchPoints="0" sequenceCoverage="1" branchCoverage="0" maxCyclomaticComplexity="0" minCyclomaticComplexity="0" visitedClasses="0" numClasses="0" visitedMethods="1" numMethods="1" />
              <MetadataToken />
              <Name>System.Void ArgValidation.Internal.ExceptionThrowers.InvalidMethodArgumentThrower::ThrowException(System.String)</Name>
              <FileRef uid="15" />
              <SequencePoints>
                <SequencePoint vc="15" upsid="67" ordinal="0" sl="67" sc="1" el="67" ec="2" bec="0" bev="0" fileid="15" />
                <SequencePoint vc="15" upsid="68" ordinal="1" sl="68" sc="1" el="68" ec="2" bec="0" bev="0" fileid="15" />
              </SequencePoints>
              <BranchPoints />
              <MethodPoint vc="2" upsid="0" p8:type="SequencePoint" ordinal="9" offset="9" sc="0" sl="67" ec="1" el="68" bec="0" bev="0" fileid="15" xmlns:p8="xsi" />
            </Method>
          </Methods>
        </Class>
        <Class>
          <Summary numSequencePoints="6" visitedSequencePoints="6" numBranchPoints="0" visitedBranchPoints="0" sequenceCoverage="1" branchCoverage="0" maxCyclomaticComplexity="0" minCyclomaticComplexity="0" visitedClasses="1" numClasses="1" visitedMethods="3" numMethods="3" />
          <FullName>ArgValidation.Internal.ExceptionThrowers.ValidationErrorExceptionThrower</FullName>
          <Methods>
            <Method cyclomaticComplexity="0" nPathComplexity="0" sequenceCoverage="1" branchCoverage="0" isConstructor="False" isGetter="False" isSetter="False" isStatic="True">
              <Summary numSequencePoints="2" visitedSequencePoints="2" numBranchPoints="0" visitedBranchPoints="0" sequenceCoverage="1" branchCoverage="0" maxCyclomaticComplexity="0" minCyclomaticComplexity="0" visitedClasses="0" numClasses="0" visitedMethods="1" numMethods="1" />
              <MetadataToken />
              <Name>System.Void ArgValidation.Internal.ExceptionThrowers.ValidationErrorExceptionThrower::ArgumentOutOfRangeException(System.String)</Name>
              <FileRef uid="16" />
              <SequencePoints>
                <SequencePoint vc="320" upsid="8" ordinal="0" sl="8" sc="1" el="8" ec="2" bec="0" bev="0" fileid="16" />
                <SequencePoint vc="320" upsid="9" ordinal="1" sl="9" sc="1" el="9" ec="2" bec="0" bev="0" fileid="16" />
              </SequencePoints>
              <BranchPoints />
              <MethodPoint vc="2" upsid="0" p8:type="SequencePoint" ordinal="0" offset="0" sc="0" sl="8" ec="1" el="9" bec="0" bev="0" fileid="16" xmlns:p8="xsi" />
            </Method>
            <Method cyclomaticComplexity="0" nPathComplexity="0" sequenceCoverage="1" branchCoverage="0" isConstructor="False" isGetter="False" isSetter="False" isStatic="True">
              <Summary numSequencePoints="2" visitedSequencePoints="2" numBranchPoints="0" visitedBranchPoints="0" sequenceCoverage="1" branchCoverage="0" maxCyclomaticComplexity="0" minCyclomaticComplexity="0" visitedClasses="0" numClasses="0" visitedMethods="1" numMethods="1" />
              <MetadataToken />
              <Name>System.Void ArgValidation.Internal.ExceptionThrowers.ValidationErrorExceptionThrower::ArgumentException(System.String)</Name>
              <FileRef uid="16" />
              <SequencePoints>
                <SequencePoint vc="231" upsid="13" ordinal="0" sl="13" sc="1" el="13" ec="2" bec="0" bev="0" fileid="16" />
                <SequencePoint vc="231" upsid="14" ordinal="1" sl="14" sc="1" el="14" ec="2" bec="0" bev="0" fileid="16" />
              </SequencePoints>
              <BranchPoints />
              <MethodPoint vc="2" upsid="0" p8:type="SequencePoint" ordinal="1" offset="1" sc="0" sl="13" ec="1" el="14" bec="0" bev="0" fileid="16" xmlns:p8="xsi" />
            </Method>
            <Method cyclomaticComplexity="0" nPathComplexity="0" sequenceCoverage="1" branchCoverage="0" isConstructor="False" isGetter="False" isSetter="False" isStatic="True">
              <Summary numSequencePoints="2" visitedSequencePoints="2" numBranchPoints="0" visitedBranchPoints="0" sequenceCoverage="1" branchCoverage="0" maxCyclomaticComplexity="0" minCyclomaticComplexity="0" visitedClasses="0" numClasses="0" visitedMethods="1" numMethods="1" />
              <MetadataToken />
              <Name>System.Void ArgValidation.Internal.ExceptionThrowers.ValidationErrorExceptionThrower::ArgumentNullException(System.String)</Name>
              <FileRef uid="16" />
              <SequencePoints>
                <SequencePoint vc="6" upsid="18" ordinal="0" sl="18" sc="1" el="18" ec="2" bec="0" bev="0" fileid="16" />
                <SequencePoint vc="6" upsid="19" ordinal="1" sl="19" sc="1" el="19" ec="2" bec="0" bev="0" fileid="16" />
              </SequencePoints>
              <BranchPoints />
              <MethodPoint vc="2" upsid="0" p8:type="SequencePoint" ordinal="2" offset="2" sc="0" sl="18" ec="1" el="19" bec="0" bev="0" fileid="16" xmlns:p8="xsi" />
            </Method>
          </Methods>
        </Class>
      </Classes>
    </Module>
  </Modules>
</CoverageSession>